[ImportStore] Loading films layout-a29db4951c3b30b5.js:1:5164
[ImportStore] Found localStorage data 
Object { count: 1188 }
layout-a29db4951c3b30b5.js:1:5287
[ImportStore] Fetching from Supabase 
Object { uid: "30cfd130-a342-4a7c-b8ad-6175db17e298" }
layout-a29db4951c3b30b5.js:1:5598
[ImportStore] Loaded from Supabase 
Object { count: 1188 }
layout-a29db4951c3b30b5.js:1:6029
[ImportStore] Using Supabase 
Object { localStorage: 1188, supabase: 1188 }
layout-a29db4951c3b30b5.js:1:6600
[GenreSuggest] Starting 
Object { selectedGenres: (1) […], filmCount: 1188 }
page-6307428dac6848e6.js:1:10328
[Mappings] Auth verified 
Object { uid: "30cfd130-a342-4a7c-b8ad-6175db17e298" }
335-9fb9fc740c13fb3b.js:1:4500
[Mappings] fetching all mappings for user 
Object { userId: "30cfd130-a342-4a7c-b8ad-6175db17e298", uriCount: 1188 }
335-9fb9fc740c13fb3b.js:1:4636
Error: Promised response from onMessage listener went out of scope service-worker.min.js:35:31729
[Mappings] all mappings loaded 
Object { totalRows: 1188 }
335-9fb9fc740c13fb3b.js:1:5059
[Mappings] finished getFilmMappings 
Object { totalMappings: 1188, requestedUris: 1188 }
335-9fb9fc740c13fb3b.js:1:5469
[BulkTmdb] Fetching cached details 
Object { count: 1188 }
335-9fb9fc740c13fb3b.js:1:5633
[BulkTmdb] Fetched details 
Object { requested: 1188, found: 857 }
335-9fb9fc740c13fb3b.js:1:6001
[PandoraLearning] Loaded graduated preferences 
Object { avoidActors: (3) […], avoidKeywords: (5) […], avoidFranchises: (10) […], avoidDirectors: (3) […], avoidGenres: (3) […], avoidSubgenres: [], preferActors: (3) […], preferKeywords: (5) […], preferDirectors: (3) […], preferGenres: (2) […], … }
335-9fb9fc740c13fb3b.js:1:28467
=== BUILD TASTE PROFILE START === 335-9fb9fc740c13fb3b.js:1:38349
[TasteProfile] Input params: 
Object { filmsCount: 1188, mappingsCount: 1188, topN: 10, negativeFeedbackCount: 59, tmdbDetailsCount: 857, watchlistCount: 230 }
335-9fb9fc740c13fb3b.js:1:38398
[TasteProfile] Film filtering: 
Object { totalFilms: 1188, filmsWithMappings: 1188, likedFilmsCount: 247, dislikedFilmsCount: 0, guiltyPleasuresCount: 0, neutralFilmsCount: 941, dislikeThreshold: 1.5, filmsWithRating0: 0, rewatchFilms: 57, likedByLikeFlag: 95, … }
335-9fb9fc740c13fb3b.js:1:39780
[TasteProfile] TMDB IDs to fetch: 
Object { likedIdsCount: 247, dislikedIdsCount: 0, limit: 2000 }
335-9fb9fc740c13fb3b.js:1:40421
[TasteProfile] Movie details fetched: 
Object { likedMoviesTotal: 247, likedMoviesWithData: 247, likedMoviesWithGenres: 246, likedMoviesWithKeywords: 242, likedMoviesWithCredits: 246, dislikedMoviesTotal: 0, dislikedMoviesWithData: 0, negativeFeedbackMovies: 59 }
335-9fb9fc740c13fb3b.js:1:41221
[TasteProfile] Sample movie data: 
Object { title: "Sorcerer", genres: (3) […], keywordCount: 31, castCount: 26, crewCount: 87, directors: (1) […] }
335-9fb9fc740c13fb3b.js:1:41563
[TasteProfile] Processing watchlist for intent signals: 
Object { watchlistCount: 230 }
335-9fb9fc740c13fb3b.js:1:44933
[TasteProfile] Watchlist TMDB IDs found: 200 335-9fb9fc740c13fb3b.js:1:45237
[TasteProfile] Watchlist signals extracted: 
Object { genresOnWatchlist: 19, keywordsOnWatchlist: 1879, directorsOnWatchlist: 185 }
335-9fb9fc740c13fb3b.js:1:46419
[TasteProfile] Genre avoidance analysis: 
Object { genresWithBothLikedAndDisliked: [], finalAvoidGenres: [] }
335-9fb9fc740c13fb3b.js:1:48197
[TasteProfile] Enhanced profile built 
Object { topGenres: (3) […], topKeywords: (3) […], topDirectors: (3) […], topActors: (3) […], topStudios: (3) […], topDecades: (3) […], avoidGenres: [], avoidKeywords: [], avoidDirectors: [], watchlistOverrides: 254, … }
335-9fb9fc740c13fb3b.js:1:49676
=== BUILD TASTE PROFILE END === 335-9fb9fc740c13fb3b.js:1:50460
[TasteProfile] Added explicit Quiz/Feedback preferences: 
Object { count: 111, types: {…} }
335-9fb9fc740c13fb3b.js:1:52032
[TasteProfile] Preferred subgenre keywords for discovery: 
Object { keywordIds: (10) […], totalKeywords: 167, patternsAnalyzed: 15 }
335-9fb9fc740c13fb3b.js:1:52276
[WeightedSeedsByGenre] Filtering for genres: 
Object { requestedGenres: (1) […], totalFilms: 1188, matchingFilms: 235 }
859-5c4db588528751c9.js:1:44219
[WeightedSeedsByGenre] Using genre-filtered seeds: 30 859-5c4db588528751c9.js:1:44378
[SmartCandidates] Generating with enhanced profile 
Object { highlyRatedCount: 30, watchlistCount: 230, topGenresCount: 10, topKeywordsCount: 10, topDirectorsCount: 10, topActorsCount: 0, topStudiosCount: 0, hasTmdbDetails: false }
859-5c4db588528751c9.js:1:48855
[TMDB] trending start 
Object { period: "day", limit: 100 }
859-5c4db588528751c9.js:1:44873
[TMDB] trending ok 
Object { count: 20 }
859-5c4db588528751c9.js:1:45094
[SmartCandidates] Running multi-source aggregation (primary similar source) 859-5c4db588528751c9.js:1:49616
[SmartCandidates] Seed movies with titles: 
Object { fromHighlyRated: 20, fromWatchlist: 10, combined: 23, withTitles: 0, sampleTitles: [] }
859-5c4db588528751c9.js:1:50156
[SmartCandidates] Aggregated recommendations added: 20 with source tracking: 20 859-5c4db588528751c9.js:1:50630
[TMDB] discover start 
Object { genres: (1) […], genreMode: "OR", keywords: (4) […], people: [], peopleMode: "AND", yearMin: 2000, yearMax: 2009, sortBy: "popularity.desc", minVotes: 100, limit: 150 }
859-5c4db588528751c9.js:1:48418
[TMDB] discover ok 
Object { count: 0, filters: {…} }
859-5c4db588528751c9.js:1:48584
[SmartCandidates] Genre+keyword discovery 
Object { count: 0, genreCount: 1, keywordCount: 4, sortBy: "popularity.desc", temporal: {…} }
859-5c4db588528751c9.js:1:51752
[TMDB] discover start 
Object { genres: (2) […], genreMode: "OR", keywords: [], people: [], peopleMode: "AND", yearMin: undefined, yearMax: undefined, sortBy: "vote_average.desc", minVotes: 50, limit: 150 }
859-5c4db588528751c9.js:1:48418
[TMDB] discover ok 
Object { count: 60, filters: {…} }
859-5c4db588528751c9.js:1:48584
[SmartCandidates] Genre-only fallback 
Object { count: 60 }
859-5c4db588528751c9.js:1:52116
[TMDB] discover start 
Object { genres: (2) […], genreMode: "OR", keywords: [], people: [], peopleMode: "AND", yearMin: 2020, yearMax: 2026, sortBy: "popularity.desc", minVotes: 20, limit: 150 }
859-5c4db588528751c9.js:1:48418
[TMDB] discover ok 
Object { count: 60, filters: {…} }
859-5c4db588528751c9.js:1:48584
[SmartCandidates] Popular fallback 
Object { count: 60 }
859-5c4db588528751c9.js:1:52423
[TMDB] discover start 
Object { genres: [], genreMode: "AND", keywords: [], people: (3) […], peopleMode: "OR", yearMin: undefined, yearMax: undefined, sortBy: "vote_average.desc", minVotes: undefined, limit: 100 }
859-5c4db588528751c9.js:1:48418
[TMDB] discover ok 
Object { count: 60, filters: {…} }
859-5c4db588528751c9.js:1:48584
[SmartCandidates] Director discovery 
Object { count: 60, directors: (8) […] }
859-5c4db588528751c9.js:1:52780
[TMDB] discover start 
Object { genres: [], genreMode: "AND", keywords: (2) […], people: [], peopleMode: "AND", yearMin: undefined, yearMax: undefined, sortBy: "popularity.desc", minVotes: 30, limit: 100 }
859-5c4db588528751c9.js:1:48418
[TMDB] discover ok 
Object { count: 60, filters: {…} }
859-5c4db588528751c9.js:1:48584
[SmartCandidates] Niche keyword discovery 
Object { count: 60, keywords: (2) […] }
859-5c4db588528751c9.js:1:53398
[SmartCandidates] Running preferred subgenre discovery 
Object { keywordIds: (10) […], totalKeywords: 167 }
859-5c4db588528751c9.js:1:53748
[TMDB] discover start 
Object { genres: [], genreMode: "AND", keywords: (5) […], people: [], peopleMode: "AND", yearMin: undefined, yearMax: undefined, sortBy: "vote_average.desc", minVotes: 20, limit: 100 }
859-5c4db588528751c9.js:1:48418
[TMDB] discover ok 
Object { count: 60, filters: {…} }
859-5c4db588528751c9.js:1:48584
[SmartCandidates] Subgenre discovery (vote_average.desc): 60 859-5c4db588528751c9.js:1:54004
[TMDB] discover start 
Object { genres: [], genreMode: "AND", keywords: (5) […], people: [], peopleMode: "AND", yearMin: undefined, yearMax: undefined, sortBy: "popularity.desc", minVotes: 20, limit: 100 }
859-5c4db588528751c9.js:1:48418
[TMDB] discover ok 
Object { count: 60, filters: {…} }
859-5c4db588528751c9.js:1:48584
[SmartCandidates] Subgenre discovery (popularity.desc): 60 859-5c4db588528751c9.js:1:54004
[TMDB] discover start 
Object { genres: [], genreMode: "AND", keywords: (1) […], people: [], peopleMode: "AND", yearMin: undefined, yearMax: undefined, sortBy: "popularity.desc", minVotes: 10, limit: 30 }
859-5c4db588528751c9.js:1:48418
[TMDB] discover ok 
Object { count: 30, filters: {…} }
859-5c4db588528751c9.js:1:48584
[TMDB] discover start 
Object { genres: [], genreMode: "AND", keywords: (1) […], people: [], peopleMode: "AND", yearMin: undefined, yearMax: undefined, sortBy: "popularity.desc", minVotes: 10, limit: 30 }
859-5c4db588528751c9.js:1:48418
[TMDB] discover ok 
Object { count: 30, filters: {…} }
859-5c4db588528751c9.js:1:48584
[TMDB] discover start 
Object { genres: [], genreMode: "AND", keywords: (1) […], people: [], peopleMode: "AND", yearMin: undefined, yearMax: undefined, sortBy: "popularity.desc", minVotes: 10, limit: 30 }
859-5c4db588528751c9.js:1:48418
[TMDB] discover ok 
Object { count: 0, filters: {…} }
859-5c4db588528751c9.js:1:48584
[TMDB] discover start 
Object { genres: [], genreMode: "AND", keywords: (1) […], people: [], peopleMode: "AND", yearMin: undefined, yearMax: undefined, sortBy: "popularity.desc", minVotes: 10, limit: 30 }
859-5c4db588528751c9.js:1:48418
[TMDB] discover ok 
Object { count: 30, filters: {…} }
859-5c4db588528751c9.js:1:48584
[TMDB] discover start 
Object { genres: [], genreMode: "AND", keywords: (1) […], people: [], peopleMode: "AND", yearMin: undefined, yearMax: undefined, sortBy: "popularity.desc", minVotes: 10, limit: 30 }
859-5c4db588528751c9.js:1:48418
[TMDB] discover ok 
Object { count: 30, filters: {…} }
859-5c4db588528751c9.js:1:48584
[TMDB] discover start 
Object { genres: [], genreMode: "AND", keywords: (1) […], people: [], peopleMode: "AND", yearMin: undefined, yearMax: undefined, sortBy: "popularity.desc", minVotes: 10, limit: 30 }
859-5c4db588528751c9.js:1:48418
[TMDB] discover ok 
Object { count: 30, filters: {…} }
859-5c4db588528751c9.js:1:48584
[TMDB] discover start 
Object { genres: [], genreMode: "AND", keywords: (1) […], people: [], peopleMode: "AND", yearMin: undefined, yearMax: undefined, sortBy: "popularity.desc", minVotes: 10, limit: 30 }
859-5c4db588528751c9.js:1:48418
[TMDB] discover ok 
Object { count: 30, filters: {…} }
859-5c4db588528751c9.js:1:48584
[TMDB] discover start 
Object { genres: [], genreMode: "AND", keywords: (1) […], people: [], peopleMode: "AND", yearMin: undefined, yearMax: undefined, sortBy: "popularity.desc", minVotes: 10, limit: 30 }
859-5c4db588528751c9.js:1:48418
[TMDB] discover ok 
Object { count: 0, filters: {…} }
859-5c4db588528751c9.js:1:48584
[TMDB] discover start 
Object { genres: (2) […], genreMode: "OR", keywords: [], people: [], peopleMode: "AND", yearMin: 2015, yearMax: 2026, sortBy: "vote_average.desc", minVotes: 100, limit: 50 }
859-5c4db588528751c9.js:1:48418
[TMDB] discover ok 
Object { count: 50, filters: {…} }
859-5c4db588528751c9.js:1:48584
[SmartCandidates] Decade discovery (recent) 
Object { years: "2015-2026", count: 50 }
859-5c4db588528751c9.js:1:58196
[TMDB] discover start 
Object { genres: (2) […], genreMode: "OR", keywords: [], people: [], peopleMode: "AND", yearMin: 1985, yearMax: 1999, sortBy: "vote_average.desc", minVotes: 100, limit: 50 }
859-5c4db588528751c9.js:1:48418
[TMDB] discover ok 
Object { count: 50, filters: {…} }
859-5c4db588528751c9.js:1:48584
[SmartCandidates] Decade discovery (classic) 
Object { years: "1985-1999", count: 50 }
859-5c4db588528751c9.js:1:58196
[SmartCandidates] Generated 
Object { trending: 20, similar: 20, discovered: 640, total: 680 }
859-5c4db588528751c9.js:1:58406
[GenreSuggest] Smart candidates after genre filter: 
Object { trending: "18/20", similar: "20/20", discovered: "560/640" }
page-6307428dac6848e6.js:1:12517
[GenreSuggest] Running genre-specific discovery for: 
Array [ 27 ]
page-6307428dac6848e6.js:1:12870
[TMDB] discover start 
Object { genres: (1) […], genreMode: "OR", keywords: [], people: [], peopleMode: "AND", yearMin: undefined, yearMax: undefined, sortBy: "vote_average.desc", minVotes: 50, limit: 100 }
859-5c4db588528751c9.js:1:48418
[TMDB] discover ok 
Object { count: 60, filters: {…} }
859-5c4db588528751c9.js:1:48584
[GenreSuggest] Genre discovery (vote_average.desc): 60 page-6307428dac6848e6.js:1:13102
[TMDB] discover start 
Object { genres: (1) […], genreMode: "OR", keywords: [], people: [], peopleMode: "AND", yearMin: undefined, yearMax: undefined, sortBy: "popularity.desc", minVotes: 50, limit: 100 }
859-5c4db588528751c9.js:1:48418
[TMDB] discover ok 
Object { count: 60, filters: {…} }
859-5c4db588528751c9.js:1:48584
[GenreSuggest] Genre discovery (popularity.desc): 60 page-6307428dac6848e6.js:1:13102
[TMDB] discover start 
Object { genres: (1) […], genreMode: "OR", keywords: [], people: [], peopleMode: "AND", yearMin: undefined, yearMax: undefined, sortBy: "primary_release_date.desc", minVotes: 50, limit: 100 }
859-5c4db588528751c9.js:1:48418
[TMDB] discover ok 
Object { count: 60, filters: {…} }
859-5c4db588528751c9.js:1:48584
[GenreSuggest] Genre discovery (primary_release_date.desc): 60 page-6307428dac6848e6.js:1:13102
[TMDB] discover start 
Object { genres: (1) […], genreMode: "AND", keywords: [], people: [], peopleMode: "AND", yearMin: undefined, yearMax: undefined, sortBy: "popularity.desc", minVotes: 30, limit: 50 }
859-5c4db588528751c9.js:1:48418
[TMDB] discover ok 
Object { count: 50, filters: {…} }
859-5c4db588528751c9.js:1:48584
[GenreSuggest] Running sub-genre discovery with keywords: 
Object { subgenres: (1) […], keywordIds: (4) […] }
page-6307428dac6848e6.js:1:13332
[TMDB] discover start 
Object { genres: (1) […], genreMode: "OR", keywords: (4) […], people: [], peopleMode: "AND", yearMin: undefined, yearMax: undefined, sortBy: "vote_average.desc", minVotes: 100, limit: 100 }
859-5c4db588528751c9.js:1:48418
[TMDB] discover ok 
Object { count: 0, filters: {…} }
859-5c4db588528751c9.js:1:48584
[GenreSuggest] Sub-genre discovery (vote_average.desc): 0 page-6307428dac6848e6.js:1:13619
[TMDB] discover start 
Object { genres: (1) […], genreMode: "OR", keywords: (4) […], people: [], peopleMode: "AND", yearMin: undefined, yearMax: undefined, sortBy: "popularity.desc", minVotes: 100, limit: 100 }
859-5c4db588528751c9.js:1:48418
[TMDB] discover ok 
Object { count: 32, filters: {…} }
859-5c4db588528751c9.js:1:48584
[GenreSuggest] Sub-genre discovery (popularity.desc): 32 page-6307428dac6848e6.js:1:13619
[TMDB] discover start 
Object { genres: [], genreMode: "AND", keywords: (1) […], people: [], peopleMode: "AND", yearMin: undefined, yearMax: undefined, sortBy: "popularity.desc", minVotes: 50, limit: 40 }
859-5c4db588528751c9.js:1:48418
[TMDB] discover ok 
Object { count: 40, filters: {…} }
859-5c4db588528751c9.js:1:48584
[TMDB] discover start 
Object { genres: [], genreMode: "AND", keywords: (1) […], people: [], peopleMode: "AND", yearMin: undefined, yearMax: undefined, sortBy: "popularity.desc", minVotes: 50, limit: 40 }
859-5c4db588528751c9.js:1:48418
[TMDB] discover ok 
Object { count: 0, filters: {…} }
859-5c4db588528751c9.js:1:48584
[TMDB] discover start 
Object { genres: [], genreMode: "AND", keywords: (1) […], people: [], peopleMode: "AND", yearMin: undefined, yearMax: undefined, sortBy: "popularity.desc", minVotes: 50, limit: 40 }
859-5c4db588528751c9.js:1:48418
[TMDB] discover ok 
Object { count: 0, filters: {…} }
859-5c4db588528751c9.js:1:48584
[TMDB] discover start 
Object { genres: [], genreMode: "AND", keywords: (1) […], people: [], peopleMode: "AND", yearMin: undefined, yearMax: undefined, sortBy: "popularity.desc", minVotes: 50, limit: 40 }
859-5c4db588528751c9.js:1:48418
[TMDB] discover ok 
Object { count: 0, filters: {…} }
859-5c4db588528751c9.js:1:48584
[GenreSuggest] Candidates after filtering: 680 page-6307428dac6848e6.js:1:13928
[AdaptiveLearning] Loaded reason preferences 
Object { count: 7, preferences: (7) […] }
335-9fb9fc740c13fb3b.js:1:57022
[SuggestByOverlap] Excluded watchlist movies from main suggestions: 
Object { watchlistCount: 230, originalCandidates: 680, filteredCandidates: 680 }
335-9fb9fc740c13fb3b.js:1:58008
[Suggest] User profile analysis 
Object { totalLiked: 216, likedAnimationCount: 1, likedFamilyCount: 1, likedChildrensCount: 5, avoidsAnimation: false, avoidsFamily: false, avoidsChildrens: false, topKeywords: (10) […], topGenreCombos: (5) […], topDirectors: (5) […], … }
335-9fb9fc740c13fb3b.js:1:61744
[Suggest] Subgenre analysis complete 
Object { patternsDetected: 15, crossPatternsDetected: 66, exampleAvoidances: (3) […] }
335-9fb9fc740c13fb3b.js:1:63227
[SubgenreFilter] Filtered "The Housemaid" - User avoids thriller psychological within Thriller 335-9fb9fc740c13fb3b.js:1:65602
[SubgenreFilter] Filtered "Marty Supreme" - User avoids drama romantic within Drama 335-9fb9fc740c13fb3b.js:1:65602
[SubgenreFilter] Filtered "10DANCE" - User avoids drama biographical within Drama 335-9fb9fc740c13fb3b.js:1:65602
[SubgenreFilter] Filtered "Nuremberg" - User avoids drama historical within Drama 335-9fb9fc740c13fb3b.js:1:65602
[SubgenreFilter] Filtered "Train Dreams" - User avoids drama romantic within Drama 335-9fb9fc740c13fb3b.js:1:65602
[CrossGenreBoost] Boosted "M" by 1.35 - Matches your taste in Crime+Drama+Thriller with themes: organized crime (like Collateral, Lord of War) 335-9fb9fc740c13fb3b.js:1:69140
[PandoraLearning] Genre penalty for "M": Drama, Thriller (-3.0) 335-9fb9fc740c13fb3b.js:1:82440
[PandoraLearning] Genre boost for "M": Crime (+0.5) 335-9fb9fc740c13fb3b.js:1:82932
[NegativePenalty] Penalized "M" by 3.00 - Contains Drama — a genre you've been skipping 335-9fb9fc740c13fb3b.js:1:84288
[ReasonPreference] Adjusted "M" score: 37.65 -> 34.15 (0.91x) based on genre, keyword, director, recent preferences 335-9fb9fc740c13fb3b.js:1:85455
[SubgenreFilter] Filtered "Frankenstein" - User avoids drama romantic within Drama 335-9fb9fc740c13fb3b.js:1:65602
[PandoraLearning] Genre boost for "Some Like It Hot": Crime (+0.5) 335-9fb9fc740c13fb3b.js:1:82932
[ReasonPreference] Adjusted "Some Like It Hot" score: 13.52 -> 12.26 (0.91x) based on director, keyword, genre, recent preferences 335-9fb9fc740c13fb3b.js:1:85455
[SubgenreFilter] Filtered "The Invisible Guest" - User avoids thriller psychological within Thriller 335-9fb9fc740c13fb3b.js:1:65602
[SubgenreFilter] Filtered "Vitória" - User avoids drama biographical within Drama 335-9fb9fc740c13fb3b.js:1:65602
[SubgenreFilter] Filtered "Elite Squad" - User avoids action military within Action 335-9fb9fc740c13fb3b.js:1:65602
[SubgenreFilter] Filtered "Memories of Murder" - User avoids drama historical within Drama 335-9fb9fc740c13fb3b.js:1:65602
[PandoraLearning] Genre boost for "Crossword Mysteries: Abracadaver": Crime (+0.5) 335-9fb9fc740c13fb3b.js:1:82932
[ReasonPreference] Adjusted "Crossword Mysteries: Abracadaver" score: 137.16 -> 125.60 (0.92x) based on genre, recent preferences 335-9fb9fc740c13fb3b.js:1:85455
[DecadeBoost] Boosted "Straight from the Barrio" (2008) by 2.00 for 2000s era preference 335-9fb9fc740c13fb3b.js:1:75254
[PandoraLearning] Genre penalty for "Straight from the Barrio": Drama, Action (-3.0) 335-9fb9fc740c13fb3b.js:1:82440
[PandoraLearning] Genre boost for "Straight from the Barrio": Crime (+0.5) 335-9fb9fc740c13fb3b.js:1:82932
[NegativePenalty] Penalized "Straight from the Barrio" by 3.00 - Contains Drama — a genre you've been skipping 335-9fb9fc740c13fb3b.js:1:84288
[ReasonPreference] Adjusted "Straight from the Barrio" score: 10.06 -> 8.98 (0.89x) based on decade, genre, recent preferences 335-9fb9fc740c13fb3b.js:1:85455
[SubgenreFilter] Filtered "The Lives of Others" - User avoids drama romantic within Drama 335-9fb9fc740c13fb3b.js:1:65602
[SubgenreFilter] Filtered "Believe Me: The Abduction of Lisa McVey" - User avoids drama historical within Drama 335-9fb9fc740c13fb3b.js:1:65602
[DecadeBoost] Boosted "Dear Zachary: A Letter to a Son About His Father" (2008) by 2.00 for 2000s era preference 335-9fb9fc740c13fb3b.js:1:75254
[PandoraLearning] Keyword boost for "Dear Zachary: A Letter to a Son About His Father": 1 matches (+0.4) 335-9fb9fc740c13fb3b.js:1:81003
[PandoraLearning] Genre penalty for "Dear Zachary: A Letter to a Son About His Father": Documentary (-1.7) 335-9fb9fc740c13fb3b.js:1:82440
[PandoraLearning] Genre boost for "Dear Zachary: A Letter to a Son About His Father": Crime (+0.5) 335-9fb9fc740c13fb3b.js:1:82932
[NegativePenalty] Penalized "Dear Zachary: A Letter to a Son About His Father" by 1.72 - Contains Documentary — a genre you've been skipping 335-9fb9fc740c13fb3b.js:1:84288
[ReasonPreference] Adjusted "Dear Zachary: A Letter to a Son About His Father" score: 105.04 -> 94.28 (0.90x) based on genre, keyword, decade, recent preferences 335-9fb9fc740c13fb3b.js:1:85455
[SubgenreFilter] Filtered "Along with the Gods: The Two Worlds" - User avoids drama romantic within Drama 335-9fb9fc740c13fb3b.js:1:65602
[SubgenreFilter] Filtered "The Wages of Fear" - User avoids drama biographical within Drama 335-9fb9fc740c13fb3b.js:1:65602
[SubgenreFilter] Filtered "The Young and the Damned" - User avoids drama romantic within Drama 335-9fb9fc740c13fb3b.js:1:65602
[CrossGenreBoost] Boosted "Dial M for Murder" by 1.60 - Matches your taste in Crime+Thriller with themes: murder (like Blue Ruin, Blue Ruin) 335-9fb9fc740c13fb3b.js:1:69140
[PandoraLearning] Keyword penalty for "Dial M for Murder": 1 matches (-1.3) 335-9fb9fc740c13fb3b.js:1:79386
[PandoraLearning] Genre penalty for "Dial M for Murder": Thriller (-1.6) 335-9fb9fc740c13fb3b.js:1:82440
[PandoraLearning] Genre boost for "Dial M for Murder": Crime (+0.5) 335-9fb9fc740c13fb3b.js:1:82932
[NegativePenalty] Penalized "Dial M for Murder" by 2.93 - Contains "jealousy" — hard avoid; you've skipped this 8 times; Contains Thriller — a genre you've been skipping 335-9fb9fc740c13fb3b.js:1:84288
[ReasonPreference] Adjusted "Dial M for Murder" score: 47.25 -> 42.87 (0.91x) based on genre, keyword, director, recent preferences 335-9fb9fc740c13fb3b.js:1:85455
[PandoraLearning] Genre penalty for "Visaranai": Thriller, Drama (-3.0) 335-9fb9fc740c13fb3b.js:1:82440
[PandoraLearning] Genre boost for "Visaranai": Crime (+0.5) 335-9fb9fc740c13fb3b.js:1:82932
[NegativePenalty] Penalized "Visaranai" by 3.00 - Contains Thriller — a genre you've been skipping 335-9fb9fc740c13fb3b.js:1:84288
[ReasonPreference] Adjusted "Visaranai" score: 26.60 -> 24.32 (0.91x) based on keyword, genre, recent preferences 335-9fb9fc740c13fb3b.js:1:85455
[SubgenreFilter] Filtered "The Skeleton of Mrs. Morales" - User avoids comedy dark within Comedy 335-9fb9fc740c13fb3b.js:1:65602
[SubgenreFilter] Filtered "The Imitation Game" - User avoids drama biographical within Drama 335-9fb9fc740c13fb3b.js:1:65602
[SubgenreFilter] Filtered "Thalapathi" - User avoids drama biographical within Drama 335-9fb9fc740c13fb3b.js:1:65602
[PandoraLearning] Genre penalty for "Cruella": Adventure (-1.6) 335-9fb9fc740c13fb3b.js:1:82440
[PandoraLearning] Genre boost for "Cruella": Crime (+0.5) 335-9fb9fc740c13fb3b.js:1:82932
[NegativePenalty] Penalized "Cruella" by 1.64 - Contains Adventure — a genre you've been skipping 335-9fb9fc740c13fb3b.js:1:84288
[ReasonPreference] Adjusted "Cruella" score: 11.19 -> 10.21 (0.91x) based on actor, keyword, decade, genre, recent preferences 335-9fb9fc740c13fb3b.js:1:85455
[DecadeBoost] Boosted "The Secret in Their Eyes" (2009) by 2.00 for 2000s era preference 335-9fb9fc740c13fb3b.js:1:75254
[SubgenrePenalty] Penalized "The Secret in Their Eyes" by 22.50 for DRAMA_BIOGRAPHICAL 335-9fb9fc740c13fb3b.js:1:77821
[PandoraLearning] Keyword boost for "The Secret in Their Eyes": 2 matches (+0.8) 335-9fb9fc740c13fb3b.js:1:81003
[PandoraLearning] Genre penalty for "The Secret in Their Eyes": Thriller, Drama (-3.0) 335-9fb9fc740c13fb3b.js:1:82440
[ReasonPreference] Adjusted "The Secret in Their Eyes" score: 19.02 -> 16.96 (0.89x) based on keyword, decade, recent preferences 335-9fb9fc740c13fb3b.js:1:85455
[SubgenreFilter] Filtered "Drishyam 2" - User avoids drama biographical within Drama 335-9fb9fc740c13fb3b.js:1:65602
[DecadeBoost] Boosted "Close-Up" (1990) by 2.00 for 1990s era preference 335-9fb9fc740c13fb3b.js:1:75254
[PandoraLearning] Genre penalty for "Close-Up": Drama (-1.6) 335-9fb9fc740c13fb3b.js:1:82440
[PandoraLearning] Genre boost for "Close-Up": Crime (+0.5) 335-9fb9fc740c13fb3b.js:1:82932
[NegativePenalty] Penalized "Close-Up" by 1.64 - Contains Drama — a genre you've been skipping 335-9fb9fc740c13fb3b.js:1:84288
[ReasonPreference] Adjusted "Close-Up" score: 9.62 -> 8.64 (0.90x) based on keyword, decade, genre, recent preferences 335-9fb9fc740c13fb3b.js:1:85455
[SubgenreFilter] Filtered "The Sixth Sense" - User avoids thriller psychological within Thriller 335-9fb9fc740c13fb3b.js:1:65602
[PandoraLearning] Keyword boost for "A Man Escaped": 2 matches (+0.5) 335-9fb9fc740c13fb3b.js:1:81003
[PandoraLearning] Genre penalty for "A Man Escaped": Drama, Thriller (-3.0) 335-9fb9fc740c13fb3b.js:1:82440
[NegativePenalty] Penalized "A Man Escaped" by 3.00 - Contains Drama — a genre you've been skipping 335-9fb9fc740c13fb3b.js:1:84288
[ReasonPreference] Adjusted "A Man Escaped" score: 13.70 -> 12.52 (0.91x) based on keyword, recent preferences 335-9fb9fc740c13fb3b.js:1:85455
[PandoraLearning] Genre penalty for "Pixote": Drama (-1.6) 335-9fb9fc740c13fb3b.js:1:82440
[PandoraLearning] Genre boost for "Pixote": Crime (+0.5) 335-9fb9fc740c13fb3b.js:1:82932
[NegativePenalty] Penalized "Pixote" by 1.64 - Contains Drama — a genre you've been skipping 335-9fb9fc740c13fb3b.js:1:84288
[ReasonPreference] Adjusted "Pixote" score: 12.84 -> 11.74 (0.91x) based on keyword, genre, recent preferences 335-9fb9fc740c13fb3b.js:1:85455
[DecadeBoost] Boosted "Herod's Law" (1999) by 2.00 for 1990s era preference 335-9fb9fc740c13fb3b.js:1:75254
[PandoraLearning] Genre penalty for "Herod's Law": Drama (-1.6) 335-9fb9fc740c13fb3b.js:1:82440
[PandoraLearning] Genre boost for "Herod's Law": Crime (+0.5) 335-9fb9fc740c13fb3b.js:1:82932
[NegativePenalty] Penalized "Herod's Law" by 1.64 - Contains Drama — a genre you've been skipping 335-9fb9fc740c13fb3b.js:1:84288
[ReasonPreference] Adjusted "Herod's Law" score: 304.28 -> 273.10 (0.90x) based on genre, keyword, decade, recent preferences 335-9fb9fc740c13fb3b.js:1:85455
[SubgenreFilter] Filtered "Monster" - User avoids drama romantic within Drama 335-9fb9fc740c13fb3b.js:1:65602
[SubgenreFilter] Filtered "Batman: The Dark Knight Returns, Part 2" - User avoids scifi dystopia within Science Fiction 335-9fb9fc740c13fb3b.js:1:65602
[SubgenreFilter] Filtered "The Cabinet of Dr. Caligari" - User avoids thriller psychological within Thriller 335-9fb9fc740c13fb3b.js:1:65602
[SubgenreFilter] Filtered "Freedom Writers" - User avoids drama biographical within Drama 335-9fb9fc740c13fb3b.js:1:65602
[PandoraLearning] Genre penalty for "Decalogue V": Drama (-1.6) 335-9fb9fc740c13fb3b.js:1:82440
[PandoraLearning] Genre boost for "Decalogue V": Crime (+0.5) 335-9fb9fc740c13fb3b.js:1:82932
[NegativePenalty] Penalized "Decalogue V" by 1.64 - Contains Drama — a genre you've been skipping 335-9fb9fc740c13fb3b.js:1:84288
[ReasonPreference] Adjusted "Decalogue V" score: 200.92 -> 183.98 (0.92x) based on genre, recent preferences 335-9fb9fc740c13fb3b.js:1:85455
[SubgenreFilter] Filtered "Death Note Relight 1: Visions of a God" - User avoids drama biographical within Drama 335-9fb9fc740c13fb3b.js:1:65602
[PandoraLearning] Keyword boost for "The Other Me": 1 matches (+0.4) 335-9fb9fc740c13fb3b.js:1:81003
[PandoraLearning] Genre boost for "The Other Me": Crime (+0.5) 335-9fb9fc740c13fb3b.js:1:82932
[ReasonPreference] Adjusted "The Other Me" score: 138.63 -> 126.80 (0.91x) based on genre, keyword, recent preferences 335-9fb9fc740c13fb3b.js:1:85455
[PandoraLearning] Genre penalty for "Diabolique": Thriller (-1.6) 335-9fb9fc740c13fb3b.js:1:82440
[NegativePenalty] Penalized "Diabolique" by 1.64 - Contains Thriller — a genre you've been skipping 335-9fb9fc740c13fb3b.js:1:84288
[ReasonPreference] Adjusted "Diabolique" score: 10.09 -> 9.23 (0.91x) based on keyword, recent preferences 335-9fb9fc740c13fb3b.js:1:85455
[SubgenreFilter] Filtered "What Ever Happened to Baby Jane?" - User avoids thriller psychological within Thriller 335-9fb9fc740c13fb3b.js:1:65602
[SubgenreFilter] Filtered "No Other Choice" - User avoids comedy dark within Comedy 335-9fb9fc740c13fb3b.js:1:65602
[SubgenreFilter] Filtered "My Fault" - User avoids drama romantic within Drama 335-9fb9fc740c13fb3b.js:1:65602
[SubgenreFilter] Filtered "Nobody 2" - User avoids action military within Action 335-9fb9fc740c13fb3b.js:1:65602
[CrossGenreBoost] Boosted "Ballerina" by 1.87 - Matches your taste in Action+Crime+Thriller with themes: defiant, aggressive (like Bullitt, Ronin) 335-9fb9fc740c13fb3b.js:1:69140
[PandoraLearning] Keyword penalty for "Ballerina": 1 matches (-1.2) 335-9fb9fc740c13fb3b.js:1:79386
[PandoraLearning] Genre penalty for "Ballerina": Action, Thriller (-3.0) 335-9fb9fc740c13fb3b.js:1:82440
[PandoraLearning] Genre boost for "Ballerina": Crime (+0.5) 335-9fb9fc740c13fb3b.js:1:82932
[NegativePenalty] Penalized "Ballerina" by 4.21 - Contains "audacious" — hard avoid; you've skipped this 13 times; Contains Action — a genre you've been skipping 335-9fb9fc740c13fb3b.js:1:84288
[ReasonPreference] Adjusted "Ballerina" score: 29.00 -> 26.93 (0.93x) based on genre, keyword, actor, recent preferences 335-9fb9fc740c13fb3b.js:1:85455
[PandoraLearning] Keyword penalty for "The Bad Guys 2": 2 matches (-2.9) 335-9fb9fc740c13fb3b.js:1:79386
[PandoraLearning] Genre penalty for "The Bad Guys 2": Adventure (-1.6) 335-9fb9fc740c13fb3b.js:1:82440
[PandoraLearning] Genre boost for "The Bad Guys 2": Crime (+0.5) 335-9fb9fc740c13fb3b.js:1:82932
[NegativePenalty] Penalized "The Bad Guys 2" by 4.49 - Contains "based on novel or book" — hard avoid; you've skipped this 21 times; Contains Adventure — a genre you've been skipping 335-9fb9fc740c13fb3b.js:1:84288
[ReasonPreference] Adjusted "The Bad Guys 2" score: 183.93 -> 169.76 (0.92x) based on genre, keyword, actor, collection, recent preferences 335-9fb9fc740c13fb3b.js:1:85455
[CrossGenreBoost] Boosted "She Rides Shotgun" by 2.40 - Matches your taste in Action+Crime+Thriller with themes: based on novel or book, on the run, aggressive (like Bullitt, Ronin) 335-9fb9fc740c13fb3b.js:1:69140
[PandoraLearning] Keyword penalty for "She Rides Shotgun": 1 matches (-1.6) 335-9fb9fc740c13fb3b.js:1:79386
[PandoraLearning] Genre penalty for "She Rides Shotgun": Action, Thriller (-3.0) 335-9fb9fc740c13fb3b.js:1:82440
[PandoraLearning] Genre boost for "She Rides Shotgun": Crime (+0.5) 335-9fb9fc740c13fb3b.js:1:82932
[NegativePenalty] Penalized "She Rides Shotgun" by 4.64 - Contains "based on novel or book" — hard avoid; you've skipped this 21 times; Contains Action — a genre you've been skipping 335-9fb9fc740c13fb3b.js:1:84288
[ReasonPreference] Adjusted "She Rides Shotgun" score: 28.15 -> 25.75 (0.91x) based on genre, keyword, recent preferences 335-9fb9fc740c13fb3b.js:1:85455
[SubgenrePenalty] Penalized "Succubus" by 12.00 for THRILLER_PSYCHOLOGICAL 335-9fb9fc740c13fb3b.js:1:77821
[PandoraLearning] Genre penalty for "Succubus": Thriller (-1.6) 335-9fb9fc740c13fb3b.js:1:82440
[ReasonPreference] Adjusted "Succubus" score: 7.00 -> 6.41 (0.92x) based on recent preferences 335-9fb9fc740c13fb3b.js:1:85455
[CrossGenreBoost] Boosted "It Was Just an Accident" by 1.35 - Matches your taste in Crime+Drama+Thriller with themes: revenge (like Collateral, Lord of War) 335-9fb9fc740c13fb3b.js:1:69140
[PandoraLearning] Genre penalty for "It Was Just an Accident": Drama, Thriller (-3.0) 335-9fb9fc740c13fb3b.js:1:82440
[PandoraLearning] Genre boost for "It Was Just an Accident": Crime (+0.5) 335-9fb9fc740c13fb3b.js:1:82932
[NegativePenalty] Penalized "It Was Just an Accident" by 3.00 - Contains Drama — a genre you've been skipping 335-9fb9fc740c13fb3b.js:1:84288
[ReasonPreference] Adjusted "It Was Just an Accident" score: 27.82 -> 25.45 (0.91x) based on genre, keyword, recent preferences 335-9fb9fc740c13fb3b.js:1:85455
[SubgenreFilter] Filtered "Wrath of Man" - User avoids drama war within Drama 335-9fb9fc740c13fb3b.js:1:65602
[SubgenreFilter] Filtered "Glass Onion: A Knives Out Mystery" - User avoids comedy dark within Comedy 335-9fb9fc740c13fb3b.js:1:65602
[SubgenreFilter] Filtered "Bramayugam" - User avoids thriller psychological within Thriller 335-9fb9fc740c13fb3b.js:1:65602
[SubgenreFilter] Filtered "Predator: Killer of Killers" - User avoids scifi alien within Science Fiction 335-9fb9fc740c13fb3b.js:1:65602
[PandoraLearning] Genre penalty for "Score: A Film Music Documentary": Documentary (-1.7) 335-9fb9fc740c13fb3b.js:1:82440
[NegativePenalty] Penalized "Score: A Film Music Documentary" by 1.72 - Contains Documentary — a genre you've been skipping 335-9fb9fc740c13fb3b.js:1:84288
[ReasonPreference] Adjusted "Score: A Film Music Documentary" score: 14.92 -> 13.64 (0.91x) based on genre, keyword preferences 335-9fb9fc740c13fb3b.js:1:85455
[CrossGenreBoost] Boosted "Bad Boys: Ride or Die" by 0.30 - Matches your taste in Action+Adventure+Comedy with themes: buddy cop (like The Man from U.N.C.L.E., The Man from U.N.C.L.E.) 335-9fb9fc740c13fb3b.js:1:69140
[PandoraLearning] Keyword penalty for "Bad Boys: Ride or Die": 1 matches (-1.2) 335-9fb9fc740c13fb3b.js:1:79386
[PandoraLearning] Genre penalty for "Bad Boys: Ride or Die": Action, Thriller, Adventure (-3.0) 335-9fb9fc740c13fb3b.js:1:82440
[PandoraLearning] Genre boost for "Bad Boys: Ride or Die": Crime (+0.5) 335-9fb9fc740c13fb3b.js:1:82932
[NegativePenalty] Penalized "Bad Boys: Ride or Die" by 4.21 - Contains "sequel" — hard avoid; you've skipped this 13 times; Contains Action — a genre you've been skipping 335-9fb9fc740c13fb3b.js:1:84288
[ReasonPreference] Adjusted "Bad Boys: Ride or Die" score: 378.32 -> 351.36 (0.93x) based on genre, keyword, actor, recent preferences 335-9fb9fc740c13fb3b.js:1:85455
[PandoraLearning] Keyword penalty for "My Beautiful Broken Brain": 1 matches (-1.3) 335-9fb9fc740c13fb3b.js:1:79386
[PandoraLearning] Genre penalty for "My Beautiful Broken Brain": Documentary (-1.7) 335-9fb9fc740c13fb3b.js:1:82440
[NegativePenalty] Penalized "My Beautiful Broken Brain" by 3.00 - Contains "woman director" — hard avoid; you've skipped this 6 times; Contains Documentary — a genre you've been skipping 335-9fb9fc740c13fb3b.js:1:84288
[ReasonPreference] Adjusted "My Beautiful Broken Brain" score: 10.27 -> 9.47 (0.92x) based on actor, director, keyword preferences 335-9fb9fc740c13fb3b.js:1:85455
[PandoraLearning] Genre penalty for "Cirque du Soleil: Worlds Away": Drama (-1.6) 335-9fb9fc740c13fb3b.js:1:82440
[NegativePenalty] Penalized "Cirque du Soleil: Worlds Away" by 1.64 - Contains Drama — a genre you've been skipping 335-9fb9fc740c13fb3b.js:1:84288
[ReasonPreference] Adjusted "Cirque du Soleil: Worlds Away" score: 163.53 -> 149.56 (0.91x) based on genre, keyword, recent preferences 335-9fb9fc740c13fb3b.js:1:85455
[PandoraLearning] Genre penalty for "The Alamo": Adventure (-1.6) 335-9fb9fc740c13fb3b.js:1:82440
[PandoraLearning] Genre boost for "The Alamo": Western (+0.2) 335-9fb9fc740c13fb3b.js:1:82932
[NegativePenalty] Penalized "The Alamo" by 1.64 - Contains Adventure — a genre you've been skipping 335-9fb9fc740c13fb3b.js:1:84288
[ReasonPreference] Adjusted "The Alamo" score: 75.28 -> 69.92 (0.93x) based on genre, keyword, actor, recent preferences 335-9fb9fc740c13fb3b.js:1:85455
[PandoraLearning] Director boost for "Mister Roberts": John Ford (+0.6) 335-9fb9fc740c13fb3b.js:1:81971
[PandoraLearning] Genre penalty for "Mister Roberts": Drama (-1.6) 335-9fb9fc740c13fb3b.js:1:82440
[NegativePenalty] Penalized "Mister Roberts" by 1.64 - Contains Drama — a genre you've been skipping 335-9fb9fc740c13fb3b.js:1:84288
[ReasonPreference] Adjusted "Mister Roberts" score: 208.16 -> 191.50 (0.92x) based on genre, director, actor, keyword, recent preferences 335-9fb9fc740c13fb3b.js:1:85455
[PandoraLearning] Genre penalty for "Capturing Avatar": Documentary (-1.7) 335-9fb9fc740c13fb3b.js:1:82440
[NegativePenalty] Penalized "Capturing Avatar" by 1.72 - Contains Documentary — a genre you've been skipping 335-9fb9fc740c13fb3b.js:1:84288
[ReasonPreference] Adjusted "Capturing Avatar" score: 10.61 -> 9.68 (0.91x) based on keyword preferences 335-9fb9fc740c13fb3b.js:1:85455
[SubgenreFilter] Filtered "Bloody Sunday" - User avoids drama historical within Drama 335-9fb9fc740c13fb3b.js:1:65602
[SubgenreFilter] Filtered "Monster" - User avoids drama historical within Drama 335-9fb9fc740c13fb3b.js:1:65602
[SubgenreFilter] Filtered "Take Shelter" - User avoids thriller psychological within Thriller 335-9fb9fc740c13fb3b.js:1:65602
[SubgenreFilter] Filtered "Manon of the Spring" - User avoids drama biographical within Drama 335-9fb9fc740c13fb3b.js:1:65602
[SubgenreFilter] Filtered "The Raid 2" - User avoids action military within Action 335-9fb9fc740c13fb3b.js:1:65602
[SubgenreFilter] Filtered "Get Out" - User avoids thriller psychological within Thriller 335-9fb9fc740c13fb3b.js:1:65602
[SubgenreFilter] Filtered "The City and the Dogs" - User avoids drama biographical within Drama 335-9fb9fc740c13fb3b.js:1:65602
[SubgenreFilter] Filtered "Evangelion: 1.0 You Are (Not) Alone" - User avoids scifi dystopia within Science Fiction 335-9fb9fc740c13fb3b.js:1:65602
[SubgenreFilter] Filtered "The Sicilian Clan" - User avoids drama biographical within Drama 335-9fb9fc740c13fb3b.js:1:65602
[SubgenreFilter] Filtered "The Six Triple Eight" - User avoids drama historical within Drama 335-9fb9fc740c13fb3b.js:1:65602
[SubgenreBoost] Boosted "Immortal Demon Slayer" by 1.20 for FANTASY_MYTHOLOGICAL 335-9fb9fc740c13fb3b.js:1:77343
[PandoraLearning] Genre penalty for "Immortal Demon Slayer": Action, Adventure (-3.0) 335-9fb9fc740c13fb3b.js:1:82440
[NegativePenalty] Penalized "Immortal Demon Slayer" by 3.00 - Contains Action — a genre you've been skipping 335-9fb9fc740c13fb3b.js:1:84288
[ReasonPreference] Adjusted "Immortal Demon Slayer" score: 127.80 -> 116.88 (0.91x) based on genre, keyword, recent preferences 335-9fb9fc740c13fb3b.js:1:85455
[SubgenreFilter] Filtered "Mom" - User avoids drama romantic within Drama 335-9fb9fc740c13fb3b.js:1:65602
[SubgenreFilter] Filtered "Dogman" - User avoids drama romantic within Drama 335-9fb9fc740c13fb3b.js:1:65602
[PandoraLearning] Keyword boost for "The Body": 1 matches (+0.3) 335-9fb9fc740c13fb3b.js:1:81003
[PandoraLearning] Genre penalty for "The Body": Thriller (-1.6) 335-9fb9fc740c13fb3b.js:1:82440
[NegativePenalty] Penalized "The Body" by 1.64 - Contains Thriller — a genre you've been skipping 335-9fb9fc740c13fb3b.js:1:84288
[ReasonPreference] Adjusted "The Body" score: 16.03 -> 14.65 (0.91x) based on keyword, recent preferences 335-9fb9fc740c13fb3b.js:1:85455
[SubgenreFilter] Filtered "The Hill" - User avoids drama war within Drama 335-9fb9fc740c13fb3b.js:1:65602
[CrossGenreBoost] Boosted "Section 375" by 1.35 - Matches your taste in Crime+Drama+Thriller with themes: revenge (like Collateral, Lord of War) 335-9fb9fc740c13fb3b.js:1:69140
[PandoraLearning] Keyword boost for "Section 375": 1 matches (+0.4) 335-9fb9fc740c13fb3b.js:1:81003
[PandoraLearning] Genre penalty for "Section 375": Drama, Thriller (-3.0) 335-9fb9fc740c13fb3b.js:1:82440
[PandoraLearning] Genre boost for "Section 375": Crime (+0.5) 335-9fb9fc740c13fb3b.js:1:82932
[NegativePenalty] Penalized "Section 375" by 3.00 - Contains Drama — a genre you've been skipping 335-9fb9fc740c13fb3b.js:1:84288
[ReasonPreference] Adjusted "Section 375" score: 31.03 -> 28.38 (0.91x) based on genre, keyword, recent preferences 335-9fb9fc740c13fb3b.js:1:85455
[SubgenreFilter] Filtered "Ben-Hur" - User avoids drama historical within Drama 335-9fb9fc740c13fb3b.js:1:65602
[SubgenreFilter] Filtered "Sicario" - User avoids action military within Action 335-9fb9fc740c13fb3b.js:1:65602
[SubgenreFilter] Filtered "The Count of Monte Cristo" - User avoids drama biographical within Drama 335-9fb9fc740c13fb3b.js:1:65602
[SubgenreFilter] Filtered "The Bourne Identity" - User avoids action military within Action 335-9fb9fc740c13fb3b.js:1:65602
[SubgenreFilter] Filtered "Dawn of the Planet of the Apes" - User avoids scifi dystopia within Science Fiction 335-9fb9fc740c13fb3b.js:1:65602
[SubgenreFilter] Filtered "Mission: Impossible - Fallout" - User avoids action military within Action 335-9fb9fc740c13fb3b.js:1:65602
[SubgenreFilter] Filtered "Evangelion: 3.0 You Can (Not) Redo" - User avoids scifi alien within Science Fiction 335-9fb9fc740c13fb3b.js:1:65602
[SubgenreFilter] Filtered "Mobile Suit Gundam Hathaway" - User avoids action military within Action 335-9fb9fc740c13fb3b.js:1:65602
[SubgenreFilter] Filtered "Fullmetal Alchemist the Movie: Conqueror of Shamballa" - User avoids action military within Action 335-9fb9fc740c13fb3b.js:1:65602
[SubgenreFilter] Filtered "The Day the Earth Stood Still" - User avoids scifi space within Science Fiction 335-9fb9fc740c13fb3b.js:1:65602
[SubgenreFilter] Filtered "Saga of Tanya the Evil: The Movie" - User avoids action military within Action 335-9fb9fc740c13fb3b.js:1:65602
[SubgenreFilter] Filtered "Paskal" - User avoids action military within Action 335-9fb9fc740c13fb3b.js:1:65602
[SubgenreFilter] Filtered "Tess" - User avoids drama biographical within Drama 335-9fb9fc740c13fb3b.js:1:65602
[SubgenreFilter] Filtered "Nine Queens" - User avoids thriller psychological within Thriller 335-9fb9fc740c13fb3b.js:1:65602
[SubgenreFilter] Filtered "The Man from Nowhere" - User avoids thriller psychological within Thriller 335-9fb9fc740c13fb3b.js:1:65602
[SubgenreFilter] Filtered "The Shadow Strays" - User avoids action military within Action 335-9fb9fc740c13fb3b.js:1:65602
[SubgenreFilter] Filtered "Akira" - User avoids scifi dystopia within Science Fiction 335-9fb9fc740c13fb3b.js:1:65602
[SubgenreFilter] Filtered "Jin-Roh: The Wolf Brigade" - User avoids scifi dystopia within Science Fiction 335-9fb9fc740c13fb3b.js:1:65602
[SubgenreFilter] Filtered "A.I. Artificial Intelligence" - User avoids drama romantic within Drama 335-9fb9fc740c13fb3b.js:1:65602
[SubgenreFilter] Filtered "District 9" - User avoids scifi dystopia within Science Fiction 335-9fb9fc740c13fb3b.js:1:65602
[SubgenreFilter] Filtered "The Great Escape" - User avoids drama historical within Drama 335-9fb9fc740c13fb3b.js:1:65602
[SubgenreFilter] Filtered "Dragon Ball Z: The History of Trunks" - User avoids scifi dystopia within Science Fiction 335-9fb9fc740c13fb3b.js:1:65602
[SubgenreFilter] Filtered "Attack on Titan: THE LAST ATTACK" - User avoids drama biographical within Drama 335-9fb9fc740c13fb3b.js:1:65602
[SubgenreFilter] Filtered "The Animatrix" - User avoids scifi dystopia within Science Fiction 335-9fb9fc740c13fb3b.js:1:65602
[PandoraLearning] Keyword penalty for "Doraemon: Nobita and the New Steel Troops: Winged Angels": 1 matches (-1.2) 335-9fb9fc740c13fb3b.js:1:79386
[PandoraLearning] Genre penalty for "Doraemon: Nobita and the New Steel Troops: Winged Angels": Adventure (-1.6) 335-9fb9fc740c13fb3b.js:1:82440
[NegativePenalty] Penalized "Doraemon: Nobita and the New Steel Troops: Winged Angels" by 2.85 - Contains "based on comic" — hard avoid; you've skipped this 13 times; Contains Adventure — a genre you've been skipping 335-9fb9fc740c13fb3b.js:1:84288
[ReasonPreference] Adjusted "Doraemon: Nobita and the New Steel Troops: Winged Angels" score: 91.59 -> 83.76 (0.91x) based on genre, keyword, recent preferences 335-9fb9fc740c13fb3b.js:1:85455
[DecadeBoost] Boosted "Metropolis" (2001) by 2.00 for 2000s era preference 335-9fb9fc740c13fb3b.js:1:75254
[PandoraLearning] Keyword penalty for "Metropolis": 2 matches (-2.5) 335-9fb9fc740c13fb3b.js:1:79386
[PandoraLearning] Keyword boost for "Metropolis": 1 matches (+0.4) 335-9fb9fc740c13fb3b.js:1:81003
[NegativePenalty] Penalized "Metropolis" by 2.50 - Contains "jealousy" — hard avoid; you've skipped this 8 times 335-9fb9fc740c13fb3b.js:1:84288
[ReasonPreference] Adjusted "Metropolis" score: 57.48 -> 51.59 (0.90x) based on genre, keyword, decade, recent preferences 335-9fb9fc740c13fb3b.js:1:85455
[SubgenreFilter] Filtered "The Stranger by the Shore" - User avoids drama biographical within Drama 335-9fb9fc740c13fb3b.js:1:65602
[SubgenreFilter] Filtered "Me Before You" - User avoids drama romantic within Drama 335-9fb9fc740c13fb3b.js:1:65602
[SubgenreFilter] Filtered "The Boy and the Beast" - User avoids drama romantic within Drama 335-9fb9fc740c13fb3b.js:1:65602
[SubgenreFilter] Filtered "Inside Out" - User avoids drama romantic within Drama 335-9fb9fc740c13fb3b.js:1:65602
[SubgenreFilter] Filtered "The Blonde One" - User avoids drama romantic within Drama 335-9fb9fc740c13fb3b.js:1:65602
[SubgenreFilter] Filtered "In This Corner of the World" - User avoids drama romantic within Drama 335-9fb9fc740c13fb3b.js:1:65602
[PandoraLearning] Genre penalty for "Sgt. Stubby: An American Hero": Adventure (-1.6) 335-9fb9fc740c13fb3b.js:1:82440
[NegativePenalty] Penalized "Sgt. Stubby: An American Hero" by 1.64 - Contains Adventure — a genre you've been skipping 335-9fb9fc740c13fb3b.js:1:84288
[ReasonPreference] Adjusted "Sgt. Stubby: An American Hero" score: 64.24 -> 58.75 (0.91x) based on genre, keyword, recent preferences 335-9fb9fc740c13fb3b.js:1:85455
[PandoraLearning] Keyword penalty for "Suzume": 1 matches (-1.2) 335-9fb9fc740c13fb3b.js:1:79386
[PandoraLearning] Genre penalty for "Suzume": Drama, Adventure (-3.0) 335-9fb9fc740c13fb3b.js:1:82440
[NegativePenalty] Penalized "Suzume" by 4.19 - Contains "magic" — hard avoid; you've skipped this 4 times; Contains Drama — a genre you've been skipping 335-9fb9fc740c13fb3b.js:1:84288
[ReasonPreference] Adjusted "Suzume" score: 165.07 -> 150.97 (0.91x) based on genre, keyword, recent preferences 335-9fb9fc740c13fb3b.js:1:85455
[PandoraLearning] Keyword penalty for "My Hero Academia: Two Heroes": 2 matches (-2.9) 335-9fb9fc740c13fb3b.js:1:79386
[PandoraLearning] Genre penalty for "My Hero Academia: Two Heroes": Action, Adventure (-3.0) 335-9fb9fc740c13fb3b.js:1:82440
[NegativePenalty] Penalized "My Hero Academia: Two Heroes" by 5.85 - Contains "hero" — hard avoid; you've skipped this 19 times; Contains Action — a genre you've been skipping 335-9fb9fc740c13fb3b.js:1:84288
[ReasonPreference] Adjusted "My Hero Academia: Two Heroes" score: 127.04 -> 116.19 (0.91x) based on genre, keyword, recent preferences 335-9fb9fc740c13fb3b.js:1:85455
[SubgenreFilter] Filtered "Captain Fantastic" - User avoids drama romantic within Drama 335-9fb9fc740c13fb3b.js:1:65602
[PandoraLearning] Genre penalty for "Regular Show: The Movie": Adventure, Action (-3.0) 335-9fb9fc740c13fb3b.js:1:82440
[NegativePenalty] Penalized "Regular Show: The Movie" by 3.00 - Contains Adventure — a genre you've been skipping 335-9fb9fc740c13fb3b.js:1:84288
[ReasonPreference] Adjusted "Regular Show: The Movie" score: 228.10 -> 208.62 (0.91x) based on genre, keyword, recent preferences 335-9fb9fc740c13fb3b.js:1:85455
[SubgenreFilter] Filtered "Where Hands Touch" - User avoids drama romantic within Drama 335-9fb9fc740c13fb3b.js:1:65602
[ReasonPreference] Adjusted "You've Got This" score: 5.05 -> 4.63 (0.92x) based on recent preferences 335-9fb9fc740c13fb3b.js:1:85455
[PandoraLearning] Genre penalty for "An Egg Rescue": Adventure (-1.6) 335-9fb9fc740c13fb3b.js:1:82440
[NegativePenalty] Penalized "An Egg Rescue" by 1.64 - Contains Adventure — a genre you've been skipping 335-9fb9fc740c13fb3b.js:1:84288
[ReasonPreference] Adjusted "An Egg Rescue" score: 94.74 -> 86.75 (0.92x) based on genre, recent preferences 335-9fb9fc740c13fb3b.js:1:85455
[PandoraLearning] Keyword penalty for "A Whisker Away": 1 matches (-1.2) 335-9fb9fc740c13fb3b.js:1:79386
[PandoraLearning] Genre penalty for "A Whisker Away": Drama (-1.6) 335-9fb9fc740c13fb3b.js:1:82440
[NegativePenalty] Penalized "A Whisker Away" by 2.83 - Contains "magic" — hard avoid; you've skipped this 4 times; Contains Drama — a genre you've been skipping 335-9fb9fc740c13fb3b.js:1:84288
[ReasonPreference] Adjusted "A Whisker Away" score: 161.05 -> 147.29 (0.91x) based on genre, keyword, recent preferences 335-9fb9fc740c13fb3b.js:1:85455
[SubgenreBoost] Boosted "Ne Zha" by 1.20 for FANTASY_MYTHOLOGICAL 335-9fb9fc740c13fb3b.js:1:77343
[PandoraLearning] Keyword penalty for "Ne Zha": 1 matches (-1.2) 335-9fb9fc740c13fb3b.js:1:79386
[PandoraLearning] Genre penalty for "Ne Zha": Adventure (-1.6) 335-9fb9fc740c13fb3b.js:1:82440
[NegativePenalty] Penalized "Ne Zha" by 2.83 - Contains "magic" — hard avoid; you've skipped this 4 times; Contains Adventure — a genre you've been skipping 335-9fb9fc740c13fb3b.js:1:84288
[ReasonPreference] Adjusted "Ne Zha" score: 52.06 -> 47.61 (0.91x) based on genre, keyword, recent preferences 335-9fb9fc740c13fb3b.js:1:85455
[PandoraLearning] Genre penalty for "Remi, Nobody's Boy": Adventure, Drama (-3.0) 335-9fb9fc740c13fb3b.js:1:82440
[NegativePenalty] Penalized "Remi, Nobody's Boy" by 3.00 - Contains Adventure — a genre you've been skipping 335-9fb9fc740c13fb3b.js:1:84288
[ReasonPreference] Adjusted "Remi, Nobody's Boy" score: 156.74 -> 143.53 (0.92x) based on genre, recent preferences 335-9fb9fc740c13fb3b.js:1:85455
[SubgenrePenalty] Penalized "OVERLORD: The Sacred Kingdom" by 12.00 for ACTION_MILITARY 335-9fb9fc740c13fb3b.js:1:77821
[PandoraLearning] Keyword penalty for "OVERLORD: The Sacred Kingdom": 1 matches (-1.2) 335-9fb9fc740c13fb3b.js:1:79386
[PandoraLearning] Genre penalty for "OVERLORD: The Sacred Kingdom": Action, Adventure (-3.0) 335-9fb9fc740c13fb3b.js:1:82440
[ReasonPreference] Adjusted "OVERLORD: The Sacred Kingdom" score: 130.28 -> 119.16 (0.91x) based on genre, keyword, recent preferences 335-9fb9fc740c13fb3b.js:1:85455
[PandoraLearning] Genre penalty for "Scooby-Doo! and the Curse of the 13th Ghost": Adventure (-1.6) 335-9fb9fc740c13fb3b.js:1:82440
[NegativePenalty] Penalized "Scooby-Doo! and the Curse of the 13th Ghost" by 1.64 - Contains Adventure — a genre you've been skipping 335-9fb9fc740c13fb3b.js:1:84288
[ReasonPreference] Adjusted "Scooby-Doo! and the Curse of the 13th Ghost" score: 145.82 -> 133.36 (0.91x) based on genre, keyword, recent preferences 335-9fb9fc740c13fb3b.js:1:85455
[SubgenrePenalty] Penalized "Sanam Teri Kasam" by 20.25 for DRAMA_ROMANTIC 335-9fb9fc740c13fb3b.js:1:77821
[PandoraLearning] Genre penalty for "Sanam Teri Kasam": Drama (-1.6) 335-9fb9fc740c13fb3b.js:1:82440
[ReasonPreference] Adjusted "Sanam Teri Kasam" score: 8.29 -> 7.58 (0.91x) based on keyword, recent preferences 335-9fb9fc740c13fb3b.js:1:85455
[ReasonPreference] Adjusted "Gabriel's Rapture: Part III" score: 36.42 -> 33.35 (0.92x) based on genre, recent preferences 335-9fb9fc740c13fb3b.js:1:85455
[ReasonPreference] Adjusted "Minha Vida em Marte" score: 5.05 -> 4.63 (0.92x) based on recent preferences 335-9fb9fc740c13fb3b.js:1:85455
[PandoraLearning] Genre penalty for "Nimona": Action, Adventure (-3.0) 335-9fb9fc740c13fb3b.js:1:82440
[NegativePenalty] Penalized "Nimona" by 3.00 - Contains Action — a genre you've been skipping 335-9fb9fc740c13fb3b.js:1:84288
[ReasonPreference] Adjusted "Nimona" score: 230.78 -> 214.34 (0.93x) based on genre, actor, keyword, recent preferences 335-9fb9fc740c13fb3b.js:1:85455
[SubgenreFilter] Filtered "Sing Street" - User avoids drama romantic within Drama 335-9fb9fc740c13fb3b.js:1:65602
[SubgenreFilter] Filtered "Redeeming Love" - User avoids drama romantic within Drama 335-9fb9fc740c13fb3b.js:1:65602
[PandoraLearning] Genre penalty for "The Mitchells vs. the Machines": Adventure (-1.6) 335-9fb9fc740c13fb3b.js:1:82440
[NegativePenalty] Penalized "The Mitchells vs. the Machines" by 1.64 - Contains Adventure — a genre you've been skipping 335-9fb9fc740c13fb3b.js:1:84288
[ReasonPreference] Adjusted "The Mitchells vs. the Machines" score: 105.26 -> 96.27 (0.91x) based on genre, keyword, recent preferences 335-9fb9fc740c13fb3b.js:1:85455
[PandoraLearning] Genre penalty for "Wish Dragon": Adventure (-1.6) 335-9fb9fc740c13fb3b.js:1:82440
[NegativePenalty] Penalized "Wish Dragon" by 1.64 - Contains Adventure — a genre you've been skipping 335-9fb9fc740c13fb3b.js:1:84288
[ReasonPreference] Adjusted "Wish Dragon" score: 136.12 -> 124.65 (0.92x) based on genre, recent preferences 335-9fb9fc740c13fb3b.js:1:85455
[PandoraLearning] Genre penalty for "Dino King: Journey to Fire Mountain": Adventure (-1.6) 335-9fb9fc740c13fb3b.js:1:82440
[NegativePenalty] Penalized "Dino King: Journey to Fire Mountain" by 1.64 - Contains Adventure — a genre you've been skipping 335-9fb9fc740c13fb3b.js:1:84288
[ReasonPreference] Adjusted "Dino King: Journey to Fire Mountain" score: 42.16 -> 38.61 (0.92x) based on genre, recent preferences 335-9fb9fc740c13fb3b.js:1:85455
[SubgenreFilter] Filtered "Forgotten Love" - User avoids drama biographical within Drama 335-9fb9fc740c13fb3b.js:1:65602
[SubgenreFilter] Filtered "Little Women" - User avoids drama romantic within Drama 335-9fb9fc740c13fb3b.js:1:65602
[PandoraLearning] Actor boost for "Isle of Dogs": Bill Murray (+0.4) 335-9fb9fc740c13fb3b.js:1:80505
[PandoraLearning] Genre penalty for "Isle of Dogs": Adventure (-1.6) 335-9fb9fc740c13fb3b.js:1:82440
[NegativePenalty] Penalized "Isle of Dogs" by 1.64 - Contains Adventure — a genre you've been skipping 335-9fb9fc740c13fb3b.js:1:84288
[ReasonPreference] Adjusted "Isle of Dogs" score: 104.46 -> 96.10 (0.92x) based on genre, director, actor, keyword, recent preferences 335-9fb9fc740c13fb3b.js:1:85455
[PandoraLearning] Genre penalty for "Lost Ladies": Drama (-1.6) 335-9fb9fc740c13fb3b.js:1:82440
[NegativePenalty] Penalized "Lost Ladies" by 1.64 - Contains Drama — a genre you've been skipping 335-9fb9fc740c13fb3b.js:1:84288
[ReasonPreference] Adjusted "Lost Ladies" score: 11.04 -> 10.11 (0.92x) based on recent preferences 335-9fb9fc740c13fb3b.js:1:85455
[SubgenrePenalty] Penalized "Blush" by 4.50 for SCIFI_SPACE 335-9fb9fc740c13fb3b.js:1:77821
[ReasonPreference] Adjusted "Blush" score: 89.04 -> 81.44 (0.91x) based on genre, keyword, recent preferences 335-9fb9fc740c13fb3b.js:1:85455
[SubgenreFilter] Filtered "Your Name Engraved Herein" - User avoids drama historical within Drama 335-9fb9fc740c13fb3b.js:1:65602
[PandoraLearning] Genre penalty for "We Bare Bears: The Movie": Adventure (-1.6) 335-9fb9fc740c13fb3b.js:1:82440
[NegativePenalty] Penalized "We Bare Bears: The Movie" by 1.64 - Contains Adventure — a genre you've been skipping 335-9fb9fc740c13fb3b.js:1:84288
[ReasonPreference] Adjusted "We Bare Bears: The Movie" score: 100.79 -> 93.61 (0.93x) based on genre, keyword, actor, recent preferences 335-9fb9fc740c13fb3b.js:1:85455
[SubgenreFilter] Filtered "No Game, No Life: Zero" - User avoids drama biographical within Drama 335-9fb9fc740c13fb3b.js:1:65602
[PandoraLearning] Keyword penalty for "Us Again": 1 matches (-1.6) 335-9fb9fc740c13fb3b.js:1:79386
[PandoraLearning] Genre penalty for "Us Again": Drama (-1.6) 335-9fb9fc740c13fb3b.js:1:82440
[NegativePenalty] Penalized "Us Again" by 3.28 - Contains "new york city" — hard avoid; you've skipped this 12 times; Contains Drama — a genre you've been skipping 335-9fb9fc740c13fb3b.js:1:84288
[ReasonPreference] Adjusted "Us Again" score: 154.41 -> 141.22 (0.91x) based on genre, keyword, recent preferences 335-9fb9fc740c13fb3b.js:1:85455
[SubgenreFilter] Filtered "Stand by Me Doraemon 2" - User avoids drama biographical within Drama 335-9fb9fc740c13fb3b.js:1:65602
[PandoraLearning] Genre penalty for "Raya and the Last Dragon": Action, Adventure (-3.0) 335-9fb9fc740c13fb3b.js:1:82440
[NegativePenalty] Penalized "Raya and the Last Dragon" by 3.00 - Contains Action — a genre you've been skipping 335-9fb9fc740c13fb3b.js:1:84288
[ReasonPreference] Adjusted "Raya and the Last Dragon" score: 129.39 -> 118.34 (0.91x) based on genre, keyword, recent preferences 335-9fb9fc740c13fb3b.js:1:85455
[ReasonPreference] Adjusted "Mystery Train" score: 16.79 -> 15.19 (0.90x) based on director, keyword, recent preferences 335-9fb9fc740c13fb3b.js:1:85455
[DecadeBoost] Boosted "Johnny Stecchino" (1991) by 2.00 for 1990s era preference 335-9fb9fc740c13fb3b.js:1:75254
[ReasonPreference] Adjusted "Johnny Stecchino" score: 21.39 -> 19.50 (0.91x) based on keyword, actor, decade, recent preferences 335-9fb9fc740c13fb3b.js:1:85455
[CrossGenreBoost] Boosted "Courier" by 1.80 - Matches your taste in Comedy+Drama+Romance with themes: introspective (like Lost in Translation, Lost in Translation) 335-9fb9fc740c13fb3b.js:1:69140
[PandoraLearning] Keyword penalty for "Courier": 1 matches (-1.2) 335-9fb9fc740c13fb3b.js:1:79386
[PandoraLearning] Genre penalty for "Courier": Drama (-1.6) 335-9fb9fc740c13fb3b.js:1:82440
[NegativePenalty] Penalized "Courier" by 2.85 - Contains "audacious" — hard avoid; you've skipped this 13 times; Contains Drama — a genre you've been skipping 335-9fb9fc740c13fb3b.js:1:84288
[ReasonPreference] Adjusted "Courier" score: 14.64 -> 13.39 (0.91x) based on genre, keyword, recent preferences 335-9fb9fc740c13fb3b.js:1:85455
[SubgenreFilter] Filtered "Cyrano de Bergerac" - User avoids drama biographical within Drama 335-9fb9fc740c13fb3b.js:1:65602
[SubgenreBoost] Boosted "Good Morning, Vietnam" by 4.00 for WAR_VIETNAM 335-9fb9fc740c13fb3b.js:1:77343
[PandoraLearning] Genre penalty for "Good Morning, Vietnam": Drama (-1.6) 335-9fb9fc740c13fb3b.js:1:82440
[NegativePenalty] Penalized "Good Morning, Vietnam" by 1.64 - Contains Drama — a genre you've been skipping 335-9fb9fc740c13fb3b.js:1:84288
[ReasonPreference] Adjusted "Good Morning, Vietnam" score: 184.87 -> 171.70 (0.93x) based on genre, keyword, actor, recent preferences 335-9fb9fc740c13fb3b.js:1:85455
[SubgenreFilter] Filtered "Delicatessen" - User avoids comedy dark within Comedy 335-9fb9fc740c13fb3b.js:1:65602
[ReasonPreference] Adjusted "Le vie del Signore sono finite" score: 13.49 -> 12.36 (0.92x) based on recent preferences 335-9fb9fc740c13fb3b.js:1:85455
[DecadeBoost] Boosted "Aprile" (1998) by 2.00 for 1990s era preference 335-9fb9fc740c13fb3b.js:1:75254
[ReasonPreference] Adjusted "Aprile" score: 17.06 -> 15.21 (0.89x) based on keyword, decade, recent preferences 335-9fb9fc740c13fb3b.js:1:85455
[SubgenreFilter] Filtered "Lovers of the Arctic Circle" - User avoids drama romantic within Drama 335-9fb9fc740c13fb3b.js:1:65602
[PandoraLearning] Genre penalty for "Shadows in Paradise": Drama (-1.6) 335-9fb9fc740c13fb3b.js:1:82440
[NegativePenalty] Penalized "Shadows in Paradise" by 1.64 - Contains Drama — a genre you've been skipping 335-9fb9fc740c13fb3b.js:1:84288
[ReasonPreference] Adjusted "Shadows in Paradise" score: 10.14 -> 9.27 (0.91x) based on keyword, recent preferences 335-9fb9fc740c13fb3b.js:1:85455
[DecadeBoost] Boosted "Family Resemblances" (1996) by 2.00 for 1990s era preference 335-9fb9fc740c13fb3b.js:1:75254
[ReasonPreference] Adjusted "Family Resemblances" score: 15.99 -> 14.09 (0.88x) based on decade, recent preferences 335-9fb9fc740c13fb3b.js:1:85455
[SubgenreFilter] Filtered "Little Women" - User avoids drama romantic within Drama 335-9fb9fc740c13fb3b.js:1:65602
[PandoraLearning] Genre penalty for "Marrakech Express": Adventure (-1.6) 335-9fb9fc740c13fb3b.js:1:82440
[NegativePenalty] Penalized "Marrakech Express" by 1.64 - Contains Adventure — a genre you've been skipping 335-9fb9fc740c13fb3b.js:1:84288
[ReasonPreference] Adjusted "Marrakech Express" score: 3.02 -> 2.76 (0.91x) based on keyword, recent preferences 335-9fb9fc740c13fb3b.js:1:85455
[SubgenreFilter] Filtered "Heathers" - User avoids comedy dark within Comedy 335-9fb9fc740c13fb3b.js:1:65602
[SubgenreFilter] Filtered "Like Water for Chocolate" - User avoids drama romantic within Drama 335-9fb9fc740c13fb3b.js:1:65602
[DecadeBoost] Boosted "Notting Hill" (1999) by 2.00 for 1990s era preference 335-9fb9fc740c13fb3b.js:1:75254
[ReasonPreference] Adjusted "Notting Hill" score: 9.71 -> 8.85 (0.91x) based on keyword, actor, decade, recent preferences 335-9fb9fc740c13fb3b.js:1:85455
[DecadeBoost] Boosted "The Commitments" (1991) by 2.00 for 1990s era preference 335-9fb9fc740c13fb3b.js:1:75254
[PandoraLearning] Genre penalty for "The Commitments": Drama (-1.6) 335-9fb9fc740c13fb3b.js:1:82440
[NegativePenalty] Penalized "The Commitments" by 1.64 - Contains Drama — a genre you've been skipping 335-9fb9fc740c13fb3b.js:1:84288
[ReasonPreference] Adjusted "The Commitments" score: 172.48 -> 153.96 (0.89x) based on genre, decade, recent preferences 335-9fb9fc740c13fb3b.js:1:85455
[DecadeBoost] Boosted "Clueless" (1995) by 2.00 for 1990s era preference 335-9fb9fc740c13fb3b.js:1:75254
[PandoraLearning] Keyword penalty for "Clueless": 2 matches (-2.9) 335-9fb9fc740c13fb3b.js:1:79386
[NegativePenalty] Penalized "Clueless" by 2.91 - Contains "based on novel or book" — hard avoid; you've skipped this 21 times 335-9fb9fc740c13fb3b.js:1:84288
[ReasonPreference] Adjusted "Clueless" score: 19.19 -> 17.39 (0.91x) based on keyword, actor, director, decade, recent preferences 335-9fb9fc740c13fb3b.js:1:85455
[SubgenreFilter] Filtered "Pleasantville" - User avoids comedy satire within Comedy 335-9fb9fc740c13fb3b.js:1:65602
[SubgenreFilter] Filtered "The Day of the Beast" - User avoids horror monster within Horror 335-9fb9fc740c13fb3b.js:1:65602
[DecadeBoost] Boosted "Days of Being Wild" (1990) by 2.00 for 1990s era preference 335-9fb9fc740c13fb3b.js:1:75254
[PandoraLearning] Keyword penalty for "Days of Being Wild": 1 matches (-1.3) 335-9fb9fc740c13fb3b.js:1:79386
[PandoraLearning] Genre penalty for "Days of Being Wild": Drama (-1.6) 335-9fb9fc740c13fb3b.js:1:82440
[PandoraLearning] Genre boost for "Days of Being Wild": Crime (+0.5) 335-9fb9fc740c13fb3b.js:1:82932
[NegativePenalty] Penalized "Days of Being Wild" by 2.93 - Contains "fight" — hard avoid; you've skipped this 7 times; Contains Drama — a genre you've been skipping 335-9fb9fc740c13fb3b.js:1:84288
[ReasonPreference] Adjusted "Days of Being Wild" score: 7.74 -> 6.93 (0.90x) based on director, keyword, decade, genre, recent preferences 335-9fb9fc740c13fb3b.js:1:85455
[NicheFilter] Filtered "Eddie Murphy Raw" - User has not shown interest in stand-up comedy 335-9fb9fc740c13fb3b.js:1:67161
[SubgenreFilter] Filtered "Manhattan Murder Mystery" - User avoids comedy dark within Comedy 335-9fb9fc740c13fb3b.js:1:65602
[PandoraLearning] Keyword penalty for "Planes, Trains and Automobiles": 1 matches (-1.6) 335-9fb9fc740c13fb3b.js:1:79386
[NegativePenalty] Penalized "Planes, Trains and Automobiles" by 1.64 - Contains "new york city" — hard avoid; you've skipped this 12 times 335-9fb9fc740c13fb3b.js:1:84288
[ReasonPreference] Adjusted "Planes, Trains and Automobiles" score: 28.96 -> 26.19 (0.90x) based on director, keyword, recent preferences 335-9fb9fc740c13fb3b.js:1:85455
[SubgenreFilter] Filtered "Beautiful Thing" - User avoids drama biographical within Drama 335-9fb9fc740c13fb3b.js:1:65602
[DecadeBoost] Boosted "A Heart in Winter" (1992) by 2.00 for 1990s era preference 335-9fb9fc740c13fb3b.js:1:75254
[PandoraLearning] Genre penalty for "A Heart in Winter": Drama (-1.6) 335-9fb9fc740c13fb3b.js:1:82440
[NegativePenalty] Penalized "A Heart in Winter" by 1.64 - Contains Drama — a genre you've been skipping 335-9fb9fc740c13fb3b.js:1:84288
[ReasonPreference] Adjusted "A Heart in Winter" score: 10.32 -> 9.20 (0.89x) based on keyword, decade, recent preferences 335-9fb9fc740c13fb3b.js:1:85455
[PandoraLearning] Keyword penalty for "Dragons Forever": 1 matches (-1.3) 335-9fb9fc740c13fb3b.js:1:79386
[PandoraLearning] Genre penalty for "Dragons Forever": Action (-1.6) 335-9fb9fc740c13fb3b.js:1:82440
[NegativePenalty] Penalized "Dragons Forever" by 2.93 - Contains "fight" — hard avoid; you've skipped this 7 times; Contains Action — a genre you've been skipping 335-9fb9fc740c13fb3b.js:1:84288
[ReasonPreference] Adjusted "Dragons Forever" score: 167.20 -> 152.92 (0.91x) based on genre, keyword, recent preferences 335-9fb9fc740c13fb3b.js:1:85455
[DecadeBoost] Boosted "Leaving Las Vegas" (1995) by 2.00 for 1990s era preference 335-9fb9fc740c13fb3b.js:1:75254
[PandoraLearning] Genre penalty for "Leaving Las Vegas": Drama (-1.6) 335-9fb9fc740c13fb3b.js:1:82440
[NegativePenalty] Penalized "Leaving Las Vegas" by 1.64 - Contains Drama — a genre you've been skipping 335-9fb9fc740c13fb3b.js:1:84288
[ReasonPreference] Adjusted "Leaving Las Vegas" score: 17.27 -> 15.74 (0.91x) based on keyword, actor, decade, recent preferences 335-9fb9fc740c13fb3b.js:1:85455
[ReasonPreference] Adjusted "Los Verduleros" score: 13.19 -> 12.08 (0.92x) based on recent preferences 335-9fb9fc740c13fb3b.js:1:85455
[DecadeBoost] Boosted "Gritos en el pasillo" (2006) by 2.00 for 2000s era preference 335-9fb9fc740c13fb3b.js:1:75254
[ReasonPreference] Adjusted "Gritos en el pasillo" score: 59.58 -> 53.18 (0.89x) based on genre, decade, recent preferences 335-9fb9fc740c13fb3b.js:1:85455
[ReasonPreference] Adjusted "La Leyenda de los Chaneques" score: 110.41 -> 101.10 (0.92x) based on genre, recent preferences 335-9fb9fc740c13fb3b.js:1:85455
[PandoraLearning] Genre penalty for "Las Leyendas: El Origen": Adventure (-1.6) 335-9fb9fc740c13fb3b.js:1:82440
[NegativePenalty] Penalized "Las Leyendas: El Origen" by 1.64 - Contains Adventure — a genre you've been skipping 335-9fb9fc740c13fb3b.js:1:84288
[ReasonPreference] Adjusted "Las Leyendas: El Origen" score: 155.83 -> 142.69 (0.92x) based on genre, recent preferences 335-9fb9fc740c13fb3b.js:1:85455
[SubgenreFilter] Filtered "Tai-Chi Master" - User avoids action military within Action 335-9fb9fc740c13fb3b.js:1:65602
[DecadeBoost] Boosted "The Dark Side of the Heart" (1992) by 2.00 for 1990s era preference 335-9fb9fc740c13fb3b.js:1:75254
[PandoraLearning] Genre penalty for "The Dark Side of the Heart": Drama (-1.6) 335-9fb9fc740c13fb3b.js:1:82440
[NegativePenalty] Penalized "The Dark Side of the Heart" by 1.64 - Contains Drama — a genre you've been skipping 335-9fb9fc740c13fb3b.js:1:84288
[ReasonPreference] Adjusted "The Dark Side of the Heart" score: 15.05 -> 13.42 (0.89x) based on keyword, decade, recent preferences 335-9fb9fc740c13fb3b.js:1:85455
[UserSelectedSubgenre] Boosted "Abraham Lincoln Vampire Hunter: The Great Calamity" by 5.00 for HORROR_VAMPIRE 335-9fb9fc740c13fb3b.js:1:76872
[SubgenreBoost] Boosted "Abraham Lincoln Vampire Hunter: The Great Calamity" by 1.20 for FANTASY_MYTHOLOGICAL 335-9fb9fc740c13fb3b.js:1:77343
[ReasonPreference] Adjusted "Abraham Lincoln Vampire Hunter: The Great Calamity" score: 70.52 -> 64.50 (0.91x) based on genre, keyword, recent preferences 335-9fb9fc740c13fb3b.js:1:85455
[ReasonPreference] Adjusted "OPAL" score: 62.58 -> 57.30 (0.92x) based on genre, recent preferences 335-9fb9fc740c13fb3b.js:1:85455
[SubgenreFilter] Filtered "The Scooby-Doo Project" - User avoids horror monster within Horror 335-9fb9fc740c13fb3b.js:1:65602
[PandoraLearning] Genre penalty for "The Legend of the Guanajuato Mummies": Adventure (-1.6) 335-9fb9fc740c13fb3b.js:1:82440
[NegativePenalty] Penalized "The Legend of the Guanajuato Mummies" by 1.64 - Contains Adventure — a genre you've been skipping 335-9fb9fc740c13fb3b.js:1:84288
[ReasonPreference] Adjusted "The Legend of the Guanajuato Mummies" score: 149.12 -> 136.55 (0.92x) based on genre, recent preferences 335-9fb9fc740c13fb3b.js:1:85455
[PandoraLearning] Genre penalty for "The Legend of the Black Charro": Action (-1.6) 335-9fb9fc740c13fb3b.js:1:82440
[NegativePenalty] Penalized "The Legend of the Black Charro" by 1.64 - Contains Action — a genre you've been skipping 335-9fb9fc740c13fb3b.js:1:84288
[ReasonPreference] Adjusted "The Legend of the Black Charro" score: 142.98 -> 130.93 (0.92x) based on genre, recent preferences 335-9fb9fc740c13fb3b.js:1:85455
[SubgenreFilter] Filtered "The Phantom Carriage" - User avoids drama biographical within Drama 335-9fb9fc740c13fb3b.js:1:65602
[DecadeBoost] Boosted "The Legend of the Nahuala" (2007) by 2.00 for 2000s era preference 335-9fb9fc740c13fb3b.js:1:75254
[UserSelectedSubgenre] Boosted "The Legend of the Nahuala" by 5.00 for HORROR_SUPERNATURAL 335-9fb9fc740c13fb3b.js:1:76872
[UserSelectedSubgenre] Boosted "The Legend of the Nahuala" by 5.00 for HORROR_FOLK 335-9fb9fc740c13fb3b.js:1:76872
[ReasonPreference] Adjusted "The Legend of the Nahuala" score: 77.59 -> 69.26 (0.89x) based on genre, decade, recent preferences 335-9fb9fc740c13fb3b.js:1:85455
[PandoraLearning] Keyword penalty for "Don't Hug Me I'm Scared 6": 1 matches (-1.3) 335-9fb9fc740c13fb3b.js:1:79386
[NegativePenalty] Penalized "Don't Hug Me I'm Scared 6" by 1.28 - Contains "woman director" — hard avoid; you've skipped this 6 times 335-9fb9fc740c13fb3b.js:1:84288
[ReasonPreference] Adjusted "Don't Hug Me I'm Scared 6" score: 120.46 -> 109.28 (0.91x) based on genre, director, keyword, recent preferences 335-9fb9fc740c13fb3b.js:1:85455
[ReasonPreference] Adjusted "Happy Halloween, Scooby-Doo!" score: 159.97 -> 146.31 (0.91x) based on genre, keyword, recent preferences 335-9fb9fc740c13fb3b.js:1:85455
[SubgenreFilter] Filtered "Faust" - User avoids drama romantic within Drama 335-9fb9fc740c13fb3b.js:1:65602
[UserSelectedSubgenre] Boosted "I Saw the Devil" by 5.00 for HORROR_SLASHER 335-9fb9fc740c13fb3b.js:1:76872
[SubgenrePenalty] Penalized "I Saw the Devil" by 3.75 for HORROR_MONSTER 335-9fb9fc740c13fb3b.js:1:77821
[PandoraLearning] Genre penalty for "I Saw the Devil": Thriller (-1.6) 335-9fb9fc740c13fb3b.js:1:82440
[ReasonPreference] Adjusted "I Saw the Devil" score: 18.03 -> 16.49 (0.91x) based on keyword, genre, recent preferences 335-9fb9fc740c13fb3b.js:1:85455
[SubgenreFilter] Filtered "Freaks" - User avoids drama romantic within Drama 335-9fb9fc740c13fb3b.js:1:65602
[SubgenreBoost] Boosted "The Legend of La Llorona" by 1.20 for FANTASY_MYTHOLOGICAL 335-9fb9fc740c13fb3b.js:1:77343
[UserSelectedSubgenre] Boosted "The Legend of La Llorona" by 5.00 for HORROR_SUPERNATURAL 335-9fb9fc740c13fb3b.js:1:76872
[ReasonPreference] Adjusted "The Legend of La Llorona" score: 71.89 -> 65.75 (0.91x) based on genre, keyword, recent preferences 335-9fb9fc740c13fb3b.js:1:85455
[SubgenreFilter] Filtered "The Cremator" - User avoids drama biographical within Drama 335-9fb9fc740c13fb3b.js:1:65602
[CrossGenreBoost] Boosted "Deep Red" by 1.40 - Matches your taste in Horror+Mystery with themes: murder (like The Wailing, The Wailing) 335-9fb9fc740c13fb3b.js:1:69140
[DecadeBoost] Boosted "Deep Red" (1975) by 2.00 for 1970s era preference 335-9fb9fc740c13fb3b.js:1:75254
[UserSelectedSubgenre] Boosted "Deep Red" by 5.00 for HORROR_SLASHER 335-9fb9fc740c13fb3b.js:1:76872
[PandoraLearning] Genre penalty for "Deep Red": Thriller (-1.6) 335-9fb9fc740c13fb3b.js:1:82440
[NegativePenalty] Penalized "Deep Red" by 1.64 - Contains Thriller — a genre you've been skipping 335-9fb9fc740c13fb3b.js:1:84288
[ReasonPreference] Adjusted "Deep Red" score: 18.71 -> 16.75 (0.90x) based on genre, keyword, director, decade, recent preferences 335-9fb9fc740c13fb3b.js:1:85455
[PandoraLearning] Keyword penalty for "Don't Hug Me I'm Scared 4": 1 matches (-1.3) 335-9fb9fc740c13fb3b.js:1:79386
[NegativePenalty] Penalized "Don't Hug Me I'm Scared 4" by 1.28 - Contains "woman director" — hard avoid; you've skipped this 6 times 335-9fb9fc740c13fb3b.js:1:84288
[ReasonPreference] Adjusted "Don't Hug Me I'm Scared 4" score: 122.51 -> 111.13 (0.91x) based on genre, keyword, director, recent preferences 335-9fb9fc740c13fb3b.js:1:85455
[DecadeBoost] Boosted "Scooby-Doo on Zombie Island" (1998) by 2.00 for 1990s era preference 335-9fb9fc740c13fb3b.js:1:75254
[UserSelectedSubgenre] Boosted "Scooby-Doo on Zombie Island" by 5.00 for HORROR_SUPERNATURAL 335-9fb9fc740c13fb3b.js:1:76872
[UserSelectedSubgenre] Boosted "Scooby-Doo on Zombie Island" by 5.00 for HORROR_ZOMBIE 335-9fb9fc740c13fb3b.js:1:76872
[SubgenrePenalty] Penalized "Scooby-Doo on Zombie Island" by 3.75 for HORROR_MONSTER 335-9fb9fc740c13fb3b.js:1:77821
[ReasonPreference] Adjusted "Scooby-Doo on Zombie Island" score: 121.58 -> 109.12 (0.90x) based on genre, keyword, decade, recent preferences 335-9fb9fc740c13fb3b.js:1:85455
[UserSelectedSubgenre] Boosted "Constantine: City of Demons - The Movie" by 5.00 for HORROR_SUPERNATURAL 335-9fb9fc740c13fb3b.js:1:76872
[UserSelectedSubgenre] Boosted "Constantine: City of Demons - The Movie" by 5.00 for HORROR_FOLK 335-9fb9fc740c13fb3b.js:1:76872
[PandoraLearning] Keyword penalty for "Constantine: City of Demons - The Movie": 2 matches (-2.4) 335-9fb9fc740c13fb3b.js:1:79386
[PandoraLearning] Genre penalty for "Constantine: City of Demons - The Movie": Action (-1.6) 335-9fb9fc740c13fb3b.js:1:82440
[NegativePenalty] Penalized "Constantine: City of Demons - The Movie" by 4.04 - Contains "magic" — hard avoid; you've skipped this 4 times; Contains Action — a genre you've been skipping 335-9fb9fc740c13fb3b.js:1:84288
[ReasonPreference] Adjusted "Constantine: City of Demons - The Movie" score: 153.55 -> 140.44 (0.91x) based on genre, keyword, recent preferences 335-9fb9fc740c13fb3b.js:1:85455
[SubgenreFilter] Filtered "Jaws" - User avoids horror monster within Horror 335-9fb9fc740c13fb3b.js:1:65602
[UserSelectedSubgenre] Boosted "Possibly in Michigan" by 5.00 for HORROR_SLASHER 335-9fb9fc740c13fb3b.js:1:76872
[PandoraLearning] Keyword penalty for "Possibly in Michigan": 3 matches (-3.6) 335-9fb9fc740c13fb3b.js:1:79386
[NegativePenalty] Penalized "Possibly in Michigan" by 3.55 - Contains "woman director" — hard avoid; you've skipped this 6 times 335-9fb9fc740c13fb3b.js:1:84288
[ReasonPreference] Adjusted "Possibly in Michigan" score: 68.79 -> 62.40 (0.91x) based on genre, keyword, director, recent preferences 335-9fb9fc740c13fb3b.js:1:85455
[SubgenreFilter] Filtered "The Ugly Stepsister" - User avoids comedy satire within Comedy 335-9fb9fc740c13fb3b.js:1:65602
[SubgenreFilter] Filtered "Godzilla" - User avoids horror monster within Horror 335-9fb9fc740c13fb3b.js:1:65602
[SubgenreFilter] Filtered "Split" - User avoids thriller psychological within Thriller 335-9fb9fc740c13fb3b.js:1:65602
[SubgenreFilter] Filtered "Speak No Evil" - User avoids thriller psychological within Thriller 335-9fb9fc740c13fb3b.js:1:65602
[UserSelectedSubgenre] Boosted "Jugaremos en el bosque" by 5.00 for HORROR_SUPERNATURAL 335-9fb9fc740c13fb3b.js:1:76872
[ReasonPreference] Adjusted "Jugaremos en el bosque" score: 22.19 -> 20.32 (0.92x) based on genre, recent preferences 335-9fb9fc740c13fb3b.js:1:85455
[UserSelectedSubgenre] Boosted "A Nightmare on Elm Street" by 5.00 for HORROR_SUPERNATURAL 335-9fb9fc740c13fb3b.js:1:76872
[UserSelectedSubgenre] Boosted "A Nightmare on Elm Street" by 5.00 for HORROR_SLASHER 335-9fb9fc740c13fb3b.js:1:76872
[UserSelectedSubgenre] Boosted "A Nightmare on Elm Street" by 5.00 for HORROR_GOTHIC 335-9fb9fc740c13fb3b.js:1:76872
[SubgenrePenalty] Penalized "A Nightmare on Elm Street" by 3.75 for HORROR_MONSTER 335-9fb9fc740c13fb3b.js:1:77821
[PandoraLearning] Keyword penalty for "A Nightmare on Elm Street": 1 matches (-1.2) 335-9fb9fc740c13fb3b.js:1:79386
[ReasonPreference] Adjusted "A Nightmare on Elm Street" score: 41.20 -> 38.27 (0.93x) based on keyword, actor, genre, recent preferences 335-9fb9fc740c13fb3b.js:1:85455
[SubgenreFilter] Filtered "The Menu" - User avoids comedy dark within Comedy 335-9fb9fc740c13fb3b.js:1:65602
[SubgenreFilter] Filtered "The Return of the Living Dead" - User avoids comedy dark within Comedy 335-9fb9fc740c13fb3b.js:1:65602
[SubgenreFilter] Filtered "Raw" - User avoids drama romantic within Drama 335-9fb9fc740c13fb3b.js:1:65602
[SubgenreFilter] Filtered "Bones and All" - User avoids drama romantic within Drama 335-9fb9fc740c13fb3b.js:1:65602
[DiversityFilter] Applied diversity filtering 
Object { original: 95, filtered: 54, skipped: 41, directorCounts: [], genreCounts: (5) […] }
335-9fb9fc740c13fb3b.js:1:89677
[GenreSuggest] Suggestions scored: 54 page-6307428dac6848e6.js:1:15168
[GenreSuggest] Creating sub-genre sections for: 
Array [ "HORROR_BODY" ]
page-6307428dac6848e6.js:1:16981
[GenreSuggest] Refreshing TMDB cache for posters 54 page-6307428dac6848e6.js:1:18555
[UnifiedAPI] fetch movie from TMDB 
Object { id: 573435 }
335-9fb9fc740c13fb3b.js:1:31550
[usePostersSWR] Fetching posters 
Object { idsCount: 11 }
859-5c4db588528751c9.js:1:61368
[UnifiedAPI] TMDB fetch movie ok 
Object { id: 573435 }
335-9fb9fc740c13fb3b.js:1:31968
[UnifiedAPI] searching TuiMDB for UID 
Object { tmdbId: 573435, title: "Bad Boys: Ride or Die" }
335-9fb9fc740c13fb3b.js:1:32136
[usePostersSWR] Chunk fetched 
Object { requested: 11, received: 4 }
859-5c4db588528751c9.js:1:61700
[usePostersSWR] Fetch complete 
Object { posterCount: 4 }
859-5c4db588528751c9.js:1:62067
[UnifiedAPI] TuiMDB UID not found 
Object { tmdbId: 573435 }
335-9fb9fc740c13fb3b.js:1:33094
[UnifiedAPI] fetch movie from TMDB 
Object { id: 14430 }
335-9fb9fc740c13fb3b.js:1:31550
[UnifiedAPI] TMDB fetch movie ok 
Object { id: 14430 }
335-9fb9fc740c13fb3b.js:1:31968
[UnifiedAPI] searching TuiMDB for UID 
Object { tmdbId: 14430, title: "Herod's Law" }
335-9fb9fc740c13fb3b.js:1:32136
[UnifiedAPI] TuiMDB UID not found 
Object { tmdbId: 14430 }
335-9fb9fc740c13fb3b.js:1:33094
[UnifiedAPI] fetch movie from TMDB 
Object { id: 94352 }
335-9fb9fc740c13fb3b.js:1:31550
[UnifiedAPI] TMDB fetch movie ok 
Object { id: 94352 }
335-9fb9fc740c13fb3b.js:1:31968
[UnifiedAPI] searching TuiMDB for UID 
Object { tmdbId: 94352, title: "Cirque du Soleil: Worlds Away" }
335-9fb9fc740c13fb3b.js:1:32136
[UnifiedAPI] TuiMDB UID not found 
Object { tmdbId: 94352 }
335-9fb9fc740c13fb3b.js:1:33094
[UnifiedAPI] fetch movie from TMDB 
Object { id: 354857 }
335-9fb9fc740c13fb3b.js:1:31550
[UnifiedAPI] TMDB fetch movie ok 
Object { id: 354857 }
335-9fb9fc740c13fb3b.js:1:31968
[UnifiedAPI] searching TuiMDB for UID 
Object { tmdbId: 354857, title: "Regular Show: The Movie" }
335-9fb9fc740c13fb3b.js:1:32136
[UnifiedAPI] TuiMDB UID not found 
Object { tmdbId: 354857 }
335-9fb9fc740c13fb3b.js:1:33094
[UnifiedAPI] fetch movie from TMDB 
Object { id: 377 }
335-9fb9fc740c13fb3b.js:1:31550
[UnifiedAPI] TMDB fetch movie ok 
Object { id: 377 }
335-9fb9fc740c13fb3b.js:1:31968
[UnifiedAPI] searching TuiMDB for UID 
Object { tmdbId: 377, title: "A Nightmare on Elm Street" }
335-9fb9fc740c13fb3b.js:1:32136
[UnifiedAPI] TuiMDB UID not found 
Object { tmdbId: 377 }
335-9fb9fc740c13fb3b.js:1:33094
[UnifiedAPI] fetch movie from TMDB 
Object { id: 37853 }
335-9fb9fc740c13fb3b.js:1:31550
[UnifiedAPI] TMDB fetch movie ok 
Object { id: 37853 }
335-9fb9fc740c13fb3b.js:1:31968
[UnifiedAPI] searching TuiMDB for UID 
Object { tmdbId: 37853, title: "Mister Roberts" }
335-9fb9fc740c13fb3b.js:1:32136
[UnifiedAPI] TuiMDB UID not found 
Object { tmdbId: 37853 }
335-9fb9fc740c13fb3b.js:1:33094
[UnifiedAPI] fetch movie from TMDB 
Object { id: 118665 }
335-9fb9fc740c13fb3b.js:1:31550
[UnifiedAPI] TMDB fetch movie ok 
Object { id: 118665 }
335-9fb9fc740c13fb3b.js:1:31968
[UnifiedAPI] searching TuiMDB for UID 
Object { tmdbId: 118665, title: "Decalogue V" }
335-9fb9fc740c13fb3b.js:1:32136
[UnifiedAPI] TuiMDB UID not found 
Object { tmdbId: 118665 }
335-9fb9fc740c13fb3b.js:1:33094
[UnifiedAPI] fetch movie from TMDB 
Object { id: 21733 }
335-9fb9fc740c13fb3b.js:1:31550
[UnifiedAPI] TMDB fetch movie ok 
Object { id: 21733 }
335-9fb9fc740c13fb3b.js:1:31968
[UnifiedAPI] searching TuiMDB for UID 
Object { tmdbId: 21733, title: "Dragons Forever" }
335-9fb9fc740c13fb3b.js:1:32136
[UnifiedAPI] TuiMDB UID not found 
Object { tmdbId: 21733 }
335-9fb9fc740c13fb3b.js:1:33094
[UnifiedAPI] fetch movie from TMDB 
Object { id: 721656 }
335-9fb9fc740c13fb3b.js:1:31550
[UnifiedAPI] TMDB fetch movie ok 
Object { id: 721656 }
335-9fb9fc740c13fb3b.js:1:31968
[UnifiedAPI] searching TuiMDB for UID 
Object { tmdbId: 721656, title: "Happy Halloween, Scooby-Doo!" }
335-9fb9fc740c13fb3b.js:1:32136
[UnifiedAPI] TuiMDB UID not found 
Object { tmdbId: 721656 }
335-9fb9fc740c13fb3b.js:1:33094
[UnifiedAPI] fetch movie from TMDB 
Object { id: 11209 }
335-9fb9fc740c13fb3b.js:1:31550
[UnifiedAPI] TMDB fetch movie ok 
Object { id: 11209 }
335-9fb9fc740c13fb3b.js:1:31968
[UnifiedAPI] searching TuiMDB for UID 
Object { tmdbId: 11209, title: "The Alamo" }
335-9fb9fc740c13fb3b.js:1:32136
[UnifiedAPI] TuiMDB UID not found 
Object { tmdbId: 11209 }
335-9fb9fc740c13fb3b.js:1:33094
[UnifiedAPI] fetch movie from TMDB 
Object { id: 916224 }
335-9fb9fc740c13fb3b.js:1:31550
[UnifiedAPI] TMDB fetch movie ok 
Object { id: 916224 }
335-9fb9fc740c13fb3b.js:1:31968
[UnifiedAPI] searching TuiMDB for UID 
Object { tmdbId: 916224, title: "Suzume" }
335-9fb9fc740c13fb3b.js:1:32136
[UnifiedAPI] TuiMDB UID not found 
Object { tmdbId: 916224 }
335-9fb9fc740c13fb3b.js:1:33094
[UnifiedAPI] fetch movie from TMDB 
Object { id: 15584 }
335-9fb9fc740c13fb3b.js:1:31550
[UnifiedAPI] TMDB fetch movie ok 
Object { id: 15584 }
335-9fb9fc740c13fb3b.js:1:31968
[UnifiedAPI] searching TuiMDB for UID 
Object { tmdbId: 15584, title: "Dear Zachary: A Letter to a Son About His Father" }
335-9fb9fc740c13fb3b.js:1:32136
[UnifiedAPI] TuiMDB UID not found 
Object { tmdbId: 15584 }
335-9fb9fc740c13fb3b.js:1:33094
[UnifiedAPI] fetch movie from TMDB 
Object { id: 458302 }
335-9fb9fc740c13fb3b.js:1:31550
[UnifiedAPI] TMDB fetch movie ok 
Object { id: 458302 }
335-9fb9fc740c13fb3b.js:1:31968
[UnifiedAPI] searching TuiMDB for UID 
Object { tmdbId: 458302, title: "Remi, Nobody's Boy" }
335-9fb9fc740c13fb3b.js:1:32136
[UnifiedAPI] TuiMDB UID not found 
Object { tmdbId: 458302 }
335-9fb9fc740c13fb3b.js:1:33094
[UnifiedAPI] fetch movie from TMDB 
Object { id: 1175942 }
335-9fb9fc740c13fb3b.js:1:31550
[UnifiedAPI] TMDB fetch movie ok 
Object { id: 1175942 }
335-9fb9fc740c13fb3b.js:1:31968
[UnifiedAPI] searching TuiMDB for UID 
Object { tmdbId: 1175942, title: "The Bad Guys 2" }
335-9fb9fc740c13fb3b.js:1:32136
[UnifiedAPI] TuiMDB UID not found 
Object { tmdbId: 1175942 }
335-9fb9fc740c13fb3b.js:1:33094
[UnifiedAPI] fetch movie from TMDB 
Object { id: 11663 }
335-9fb9fc740c13fb3b.js:1:31550
[UnifiedAPI] TMDB fetch movie ok 
Object { id: 11663 }
335-9fb9fc740c13fb3b.js:1:31968
[UnifiedAPI] searching TuiMDB for UID 
Object { tmdbId: 11663, title: "The Commitments" }
335-9fb9fc740c13fb3b.js:1:32136
[UnifiedAPI] TuiMDB UID not found 
Object { tmdbId: 11663 }
335-9fb9fc740c13fb3b.js:1:33094
[UnifiedAPI] fetch movie from TMDB 
Object { id: 9606 }
335-9fb9fc740c13fb3b.js:1:31550
[UnifiedAPI] TMDB fetch movie ok 
Object { id: 9606 }
335-9fb9fc740c13fb3b.js:1:31968
[UnifiedAPI] searching TuiMDB for UID 
Object { tmdbId: 9606, title: "Metropolis" }
335-9fb9fc740c13fb3b.js:1:32136
[UnifiedAPI] TuiMDB UID not found 
Object { tmdbId: 9606 }
335-9fb9fc740c13fb3b.js:1:33094
[UnifiedAPI] fetch movie from TMDB 
Object { id: 779047 }
335-9fb9fc740c13fb3b.js:1:31550
[UnifiedAPI] TMDB fetch movie ok 
Object { id: 779047 }
335-9fb9fc740c13fb3b.js:1:31968
[UnifiedAPI] searching TuiMDB for UID 
Object { tmdbId: 779047, title: "Us Again" }
335-9fb9fc740c13fb3b.js:1:32136
[UnifiedAPI] TuiMDB UID not found 
Object { tmdbId: 779047 }
335-9fb9fc740c13fb3b.js:1:33094
[UnifiedAPI] fetch movie from TMDB 
Object { id: 111083 }
335-9fb9fc740c13fb3b.js:1:31550
[UnifiedAPI] TMDB fetch movie ok 
Object { id: 111083 }
335-9fb9fc740c13fb3b.js:1:31968
[UnifiedAPI] searching TuiMDB for UID 
Object { tmdbId: 111083, title: "The Body" }
335-9fb9fc740c13fb3b.js:1:32136
[UnifiedAPI] TuiMDB UID not found 
Object { tmdbId: 111083 }
335-9fb9fc740c13fb3b.js:1:33094
[UnifiedAPI] fetch movie from TMDB 
Object { id: 539517 }
335-9fb9fc740c13fb3b.js:1:31550
[UnifiedAPI] TMDB fetch movie ok 
Object { id: 539517 }
335-9fb9fc740c13fb3b.js:1:31968
[UnifiedAPI] searching TuiMDB for UID 
Object { tmdbId: 539517, title: "Constantine: City of Demons - The Movie" }
335-9fb9fc740c13fb3b.js:1:32136
[UnifiedAPI] TuiMDB UID not found 
Object { tmdbId: 539517 }
335-9fb9fc740c13fb3b.js:1:33094
[UnifiedAPI] fetch movie from TMDB 
Object { id: 421365 }
335-9fb9fc740c13fb3b.js:1:31550
[UnifiedAPI] TMDB fetch movie ok 
Object { id: 421365 }
335-9fb9fc740c13fb3b.js:1:31968
[UnifiedAPI] searching TuiMDB for UID 
Object { tmdbId: 421365, title: "The Other Me" }
335-9fb9fc740c13fb3b.js:1:32136
[UnifiedAPI] TuiMDB UID not found 
Object { tmdbId: 421365 }
335-9fb9fc740c13fb3b.js:1:33094
[UnifiedAPI] fetch movie from TMDB 
Object { id: 971961 }
335-9fb9fc740c13fb3b.js:1:31550
[UnifiedAPI] TMDB fetch movie ok 
Object { id: 971961 }
335-9fb9fc740c13fb3b.js:1:31968
[UnifiedAPI] searching TuiMDB for UID 
Object { tmdbId: 971961, title: "Gabriel's Rapture: Part III" }
335-9fb9fc740c13fb3b.js:1:32136
[UnifiedAPI] TuiMDB UID not found 
Object { tmdbId: 971961 }
335-9fb9fc740c13fb3b.js:1:33094
[UnifiedAPI] fetch movie from TMDB 
Object { id: 521 }
335-9fb9fc740c13fb3b.js:1:31550
[UnifiedAPI] TMDB fetch movie ok 
Object { id: 521 }
335-9fb9fc740c13fb3b.js:1:31968
[UnifiedAPI] searching TuiMDB for UID 
Object { tmdbId: 521, title: "Dial M for Murder" }
335-9fb9fc740c13fb3b.js:1:32136
[UnifiedAPI] TuiMDB UID not found 
Object { tmdbId: 521 }
335-9fb9fc740c13fb3b.js:1:33094
[UnifiedAPI] fetch movie from TMDB 
Object { id: 426410 }
335-9fb9fc740c13fb3b.js:1:31550
[UnifiedAPI] TMDB fetch movie ok 
Object { id: 426410 }
335-9fb9fc740c13fb3b.js:1:31968
[UnifiedAPI] searching TuiMDB for UID 
Object { tmdbId: 426410, title: "Score: A Film Music Documentary" }
335-9fb9fc740c13fb3b.js:1:32136
[UnifiedAPI] TuiMDB UID not found 
Object { tmdbId: 426410 }
335-9fb9fc740c13fb3b.js:1:33094
[UnifiedAPI] fetch movie from TMDB 
Object { id: 758803 }
335-9fb9fc740c13fb3b.js:1:31550
[UnifiedAPI] TMDB fetch movie ok 
Object { id: 758803 }
335-9fb9fc740c13fb3b.js:1:31968
[UnifiedAPI] searching TuiMDB for UID 
Object { tmdbId: 758803, title: "OPAL" }
335-9fb9fc740c13fb3b.js:1:32136
[UnifiedAPI] TuiMDB UID not found 
Object { tmdbId: 758803 }
335-9fb9fc740c13fb3b.js:1:33094
[UnifiedAPI] fetch movie from TMDB 
Object { id: 268690 }
335-9fb9fc740c13fb3b.js:1:31550
[UnifiedAPI] TMDB fetch movie ok 
Object { id: 268690 }
335-9fb9fc740c13fb3b.js:1:31968
[UnifiedAPI] searching TuiMDB for UID 
Object { tmdbId: 268690, title: "The Legend of the Guanajuato Mummies" }
335-9fb9fc740c13fb3b.js:1:32136
[UnifiedAPI] TuiMDB UID not found 
Object { tmdbId: 268690 }
335-9fb9fc740c13fb3b.js:1:33094
[UnifiedAPI] fetch movie from TMDB 
Object { id: 333824 }
335-9fb9fc740c13fb3b.js:1:31550
[UnifiedAPI] TMDB fetch movie ok 
Object { id: 333824 }
335-9fb9fc740c13fb3b.js:1:31968
[UnifiedAPI] searching TuiMDB for UID 
Object { tmdbId: 333824, title: "Don't Hug Me I'm Scared 4" }
335-9fb9fc740c13fb3b.js:1:32136
[UnifiedAPI] TuiMDB UID not found 
Object { tmdbId: 333824 }
335-9fb9fc740c13fb3b.js:1:33094
[UnifiedAPI] fetch movie from TMDB 
Object { id: 639289 }
335-9fb9fc740c13fb3b.js:1:31550
[UnifiedAPI] TMDB fetch movie ok 
Object { id: 639289 }
335-9fb9fc740c13fb3b.js:1:31968
[UnifiedAPI] searching TuiMDB for UID 
Object { tmdbId: 639289, title: "Crossword Mysteries: Abracadaver" }
335-9fb9fc740c13fb3b.js:1:32136
[UnifiedAPI] TuiMDB UID not found 
Object { tmdbId: 639289 }
335-9fb9fc740c13fb3b.js:1:33094
[UnifiedAPI] fetch movie from TMDB 
Object { id: 667520 }
335-9fb9fc740c13fb3b.js:1:31550
[UnifiedAPI] TMDB fetch movie ok 
Object { id: 667520 }
335-9fb9fc740c13fb3b.js:1:31968
[UnifiedAPI] searching TuiMDB for UID 
Object { tmdbId: 667520, title: "A Whisker Away" }
335-9fb9fc740c13fb3b.js:1:32136
[UnifiedAPI] TuiMDB UID not found 
Object { tmdbId: 667520 }
335-9fb9fc740c13fb3b.js:1:33094
[UnifiedAPI] fetch movie from TMDB 
Object { id: 41583 }
335-9fb9fc740c13fb3b.js:1:31550
[UnifiedAPI] TMDB fetch movie ok 
Object { id: 41583 }
335-9fb9fc740c13fb3b.js:1:31968
[UnifiedAPI] searching TuiMDB for UID 
Object { tmdbId: 41583, title: "Marrakech Express" }
335-9fb9fc740c13fb3b.js:1:32136
[UnifiedAPI] TuiMDB UID not found 
Object { tmdbId: 41583 }
335-9fb9fc740c13fb3b.js:1:33094
[UnifiedAPI] fetch movie from TMDB 
Object { id: 550205 }
335-9fb9fc740c13fb3b.js:1:31550
[UnifiedAPI] TMDB fetch movie ok 
Object { id: 550205 }
335-9fb9fc740c13fb3b.js:1:31968
[UnifiedAPI] searching TuiMDB for UID 
Object { tmdbId: 550205, title: "Wish Dragon" }
335-9fb9fc740c13fb3b.js:1:32136
[UnifiedAPI] TuiMDB UID not found 
Object { tmdbId: 550205 }
335-9fb9fc740c13fb3b.js:1:33094
[UnifiedAPI] fetch movie from TMDB 
Object { id: 433694 }
335-9fb9fc740c13fb3b.js:1:31550
[UnifiedAPI] TMDB fetch movie ok 
Object { id: 433694 }
335-9fb9fc740c13fb3b.js:1:31968
[UnifiedAPI] searching TuiMDB for UID 
Object { tmdbId: 433694, title: "Sgt. Stubby: An American Hero" }
335-9fb9fc740c13fb3b.js:1:32136
[UnifiedAPI] TuiMDB UID not found 
Object { tmdbId: 433694 }
335-9fb9fc740c13fb3b.js:1:33094
[UnifiedAPI] fetch movie from TMDB 
Object { id: 15244 }
335-9fb9fc740c13fb3b.js:1:31550
[UnifiedAPI] TMDB fetch movie ok 
Object { id: 15244 }
335-9fb9fc740c13fb3b.js:1:31968
[UnifiedAPI] searching TuiMDB for UID 
Object { tmdbId: 15244, title: "A Man Escaped" }
335-9fb9fc740c13fb3b.js:1:32136
[UnifiedAPI] TuiMDB UID not found 
Object { tmdbId: 15244 }
335-9fb9fc740c13fb3b.js:1:33094
[UnifiedAPI] fetch movie from TMDB 
Object { id: 29826 }
335-9fb9fc740c13fb3b.js:1:31550
[UnifiedAPI] TMDB fetch movie ok 
Object { id: 29826 }
335-9fb9fc740c13fb3b.js:1:31968
[UnifiedAPI] searching TuiMDB for UID 
Object { tmdbId: 29826, title: "The Legend of the Nahuala" }
335-9fb9fc740c13fb3b.js:1:32136
[UnifiedAPI] TuiMDB UID not found 
Object { tmdbId: 29826 }
335-9fb9fc740c13fb3b.js:1:33094
[UnifiedAPI] fetch movie from TMDB 
Object { id: 12776 }
335-9fb9fc740c13fb3b.js:1:31550
[UnifiedAPI] TMDB fetch movie ok 
Object { id: 12776 }
335-9fb9fc740c13fb3b.js:1:31968
[UnifiedAPI] searching TuiMDB for UID 
Object { tmdbId: 12776, title: "Johnny Stecchino" }
335-9fb9fc740c13fb3b.js:1:32136
[UnifiedAPI] TuiMDB UID not found 
Object { tmdbId: 12776 }
335-9fb9fc740c13fb3b.js:1:33094
[UnifiedAPI] fetch movie from TMDB 
Object { id: 451 }
335-9fb9fc740c13fb3b.js:1:31550
[UnifiedAPI] TMDB fetch movie ok 
Object { id: 451 }
335-9fb9fc740c13fb3b.js:1:31968
[UnifiedAPI] searching TuiMDB for UID 
Object { tmdbId: 451, title: "Leaving Las Vegas" }
335-9fb9fc740c13fb3b.js:1:32136
[UnifiedAPI] TuiMDB UID not found 
Object { tmdbId: 451 }
335-9fb9fc740c13fb3b.js:1:33094
[UnifiedAPI] fetch movie from TMDB 
Object { id: 239 }
335-9fb9fc740c13fb3b.js:1:31550
[UnifiedAPI] TMDB fetch movie ok 
Object { id: 239 }
335-9fb9fc740c13fb3b.js:1:31968
[UnifiedAPI] searching TuiMDB for UID 
Object { tmdbId: 239, title: "Some Like It Hot" }
335-9fb9fc740c13fb3b.js:1:32136
[UnifiedAPI] TuiMDB UID not found 
Object { tmdbId: 239 }
335-9fb9fc740c13fb3b.js:1:33094
[UnifiedAPI] fetch movie from TMDB 
Object { id: 20093 }
335-9fb9fc740c13fb3b.js:1:31550
[UnifiedAPI] TMDB fetch movie ok 
Object { id: 20093 }
335-9fb9fc740c13fb3b.js:1:31968
[UnifiedAPI] searching TuiMDB for UID 
Object { tmdbId: 20093, title: "Straight from the Barrio" }
335-9fb9fc740c13fb3b.js:1:32136
[UnifiedAPI] TuiMDB UID not found 
Object { tmdbId: 20093 }
335-9fb9fc740c13fb3b.js:1:33094
[UnifiedAPI] fetch movie from TMDB 
Object { id: 332755 }
335-9fb9fc740c13fb3b.js:1:31550
[UnifiedAPI] TMDB fetch movie ok 
Object { id: 332755 }
335-9fb9fc740c13fb3b.js:1:31968
[UnifiedAPI] searching TuiMDB for UID 
Object { tmdbId: 332755, title: "Possibly in Michigan" }
335-9fb9fc740c13fb3b.js:1:32136
[UnifiedAPI] TuiMDB UID not found 
Object { tmdbId: 332755 }
335-9fb9fc740c13fb3b.js:1:33094
[UnifiedAPI] fetch movie from TMDB 
Object { id: 75724 }
335-9fb9fc740c13fb3b.js:1:31550
[UnifiedAPI] TMDB fetch movie ok 
Object { id: 75724 }
335-9fb9fc740c13fb3b.js:1:31968
[UnifiedAPI] searching TuiMDB for UID 
Object { tmdbId: 75724, title: "Gritos en el pasillo" }
335-9fb9fc740c13fb3b.js:1:32136
[UnifiedAPI] TuiMDB UID not found 
Object { tmdbId: 75724 }
335-9fb9fc740c13fb3b.js:1:33094
[UnifiedAPI] fetch movie from TMDB 
Object { id: 13151 }
335-9fb9fc740c13fb3b.js:1:31550
[UnifiedAPI] TMDB fetch movie ok 
Object { id: 13151 }
335-9fb9fc740c13fb3b.js:1:31968
[UnifiedAPI] searching TuiMDB for UID 
Object { tmdbId: 13151, title: "Scooby-Doo on Zombie Island" }
335-9fb9fc740c13fb3b.js:1:32136
[UnifiedAPI] TuiMDB UID not found 
Object { tmdbId: 13151 }
335-9fb9fc740c13fb3b.js:1:33094
[UnifiedAPI] fetch movie from TMDB 
Object { id: 832 }
335-9fb9fc740c13fb3b.js:1:31550
[UnifiedAPI] TMDB fetch movie ok 
Object { id: 832 }
335-9fb9fc740c13fb3b.js:1:31968
[UnifiedAPI] searching TuiMDB for UID 
Object { tmdbId: 832, title: "M" }
335-9fb9fc740c13fb3b.js:1:32136
[UnifiedAPI] TuiMDB UID not found 
Object { tmdbId: 832 }
335-9fb9fc740c13fb3b.js:1:33094
[UnifiedAPI] fetch movie from TMDB 
Object { id: 801 }
335-9fb9fc740c13fb3b.js:1:31550
[UnifiedAPI] TMDB fetch movie ok 
Object { id: 801 }
335-9fb9fc740c13fb3b.js:1:31968
[UnifiedAPI] searching TuiMDB for UID 
Object { tmdbId: 801, title: "Good Morning, Vietnam" }
335-9fb9fc740c13fb3b.js:1:32136
[UnifiedAPI] TuiMDB UID not found 
Object { tmdbId: 801 }
335-9fb9fc740c13fb3b.js:1:33094
[UnifiedAPI] fetch movie from TMDB 
Object { id: 9603 }
335-9fb9fc740c13fb3b.js:1:31550
[UnifiedAPI] TMDB fetch movie ok 
Object { id: 9603 }
335-9fb9fc740c13fb3b.js:1:31968
[UnifiedAPI] searching TuiMDB for UID 
Object { tmdbId: 9603, title: "Clueless" }
335-9fb9fc740c13fb3b.js:1:32136
[UnifiedAPI] TuiMDB UID not found 
Object { tmdbId: 9603 }
335-9fb9fc740c13fb3b.js:1:33094
[UnifiedAPI] fetch movie from TMDB 
Object { id: 20126 }
335-9fb9fc740c13fb3b.js:1:31550
[UnifiedAPI] TMDB fetch movie ok 
Object { id: 20126 }
335-9fb9fc740c13fb3b.js:1:31968
[UnifiedAPI] searching TuiMDB for UID 
Object { tmdbId: 20126, title: "Deep Red" }
335-9fb9fc740c13fb3b.js:1:32136
[UnifiedAPI] TuiMDB UID not found 
Object { tmdbId: 20126 }
335-9fb9fc740c13fb3b.js:1:33094
[UnifiedAPI] fetch movie from TMDB 
Object { id: 70966 }
335-9fb9fc740c13fb3b.js:1:31550
[UnifiedAPI] TMDB fetch movie ok 
Object { id: 70966 }
335-9fb9fc740c13fb3b.js:1:31968
[UnifiedAPI] searching TuiMDB for UID 
Object { tmdbId: 70966, title: "Courier" }
335-9fb9fc740c13fb3b.js:1:32136
[UnifiedAPI] TuiMDB UID not found 
Object { tmdbId: 70966 }
335-9fb9fc740c13fb3b.js:1:33094
[UnifiedAPI] fetch movie from TMDB 
Object { id: 30017 }
335-9fb9fc740c13fb3b.js:1:31550
[UnifiedAPI] TMDB fetch movie ok 
Object { id: 30017 }
335-9fb9fc740c13fb3b.js:1:31968
[UnifiedAPI] searching TuiMDB for UID 
Object { tmdbId: 30017, title: "Close-Up" }
335-9fb9fc740c13fb3b.js:1:32136
[UnifiedAPI] TuiMDB UID not found 
Object { tmdbId: 30017 }
335-9fb9fc740c13fb3b.js:1:33094
[UnifiedAPI] fetch movie from TMDB 
Object { id: 25376 }
335-9fb9fc740c13fb3b.js:1:31550
[UnifiedAPI] TMDB fetch movie ok 
Object { id: 25376 }
335-9fb9fc740c13fb3b.js:1:31968
[UnifiedAPI] searching TuiMDB for UID 
Object { tmdbId: 25376, title: "The Secret in Their Eyes" }
335-9fb9fc740c13fb3b.js:1:32136
[UnifiedAPI] TuiMDB UID not found 
Object { tmdbId: 25376 }
335-9fb9fc740c13fb3b.js:1:33094
[UnifiedAPI] fetch movie from TMDB 
Object { id: 18311 }
335-9fb9fc740c13fb3b.js:1:31550
[UnifiedAPI] TMDB fetch movie ok 
Object { id: 18311 }
335-9fb9fc740c13fb3b.js:1:31968
[UnifiedAPI] searching TuiMDB for UID 
Object { tmdbId: 18311, title: "Days of Being Wild" }
335-9fb9fc740c13fb3b.js:1:32136
[UnifiedAPI] TuiMDB UID not found 
Object { tmdbId: 18311 }
335-9fb9fc740c13fb3b.js:1:33094
[UnifiedAPI] fetch movie from TMDB 
Object { id: 2609 }
335-9fb9fc740c13fb3b.js:1:31550
[UnifiedAPI] TMDB fetch movie ok 
Object { id: 2609 }
335-9fb9fc740c13fb3b.js:1:31968
[UnifiedAPI] searching TuiMDB for UID 
Object { tmdbId: 2609, title: "Planes, Trains and Automobiles" }
335-9fb9fc740c13fb3b.js:1:32136
[UnifiedAPI] TuiMDB UID not found 
Object { tmdbId: 2609 }
335-9fb9fc740c13fb3b.js:1:33094
[UnifiedAPI] fetch movie from TMDB 
Object { id: 74938 }
335-9fb9fc740c13fb3b.js:1:31550
[UnifiedAPI] TMDB fetch movie ok 
Object { id: 74938 }
335-9fb9fc740c13fb3b.js:1:31968
[UnifiedAPI] searching TuiMDB for UID 
Object { tmdbId: 74938, title: "The Dark Side of the Heart" }
335-9fb9fc740c13fb3b.js:1:32136
[UnifiedAPI] TuiMDB UID not found 
Object { tmdbId: 74938 }
335-9fb9fc740c13fb3b.js:1:33094
[UnifiedAPI] fetch movie from TMDB 
Object { id: 42148 }
335-9fb9fc740c13fb3b.js:1:31550
[UnifiedAPI] TMDB fetch movie ok 
Object { id: 42148 }
335-9fb9fc740c13fb3b.js:1:31968
[UnifiedAPI] searching TuiMDB for UID 
Object { tmdbId: 42148, title: "Pixote" }
335-9fb9fc740c13fb3b.js:1:32136
[UnifiedAPI] TuiMDB UID not found 
Object { tmdbId: 42148 }
335-9fb9fc740c13fb3b.js:1:33094
[UnifiedAPI] fetch movie from TMDB 
Object { id: 827 }
335-9fb9fc740c13fb3b.js:1:31550
[UnifiedAPI] TMDB fetch movie ok 
Object { id: 827 }
335-9fb9fc740c13fb3b.js:1:31968
[UnifiedAPI] searching TuiMDB for UID 
Object { tmdbId: 827, title: "Diabolique" }
335-9fb9fc740c13fb3b.js:1:32136
[UnifiedAPI] TuiMDB UID not found 
Object { tmdbId: 827 }
335-9fb9fc740c13fb3b.js:1:33094
[UnifiedAPI] fetch movie from TMDB 
Object { id: 32117 }
335-9fb9fc740c13fb3b.js:1:31550
[UnifiedAPI] TMDB fetch movie ok 
Object { id: 32117 }
335-9fb9fc740c13fb3b.js:1:31968
[UnifiedAPI] searching TuiMDB for UID 
Object { tmdbId: 32117, title: "Aprile" }
335-9fb9fc740c13fb3b.js:1:32136
[UnifiedAPI] TuiMDB UID not found 
Object { tmdbId: 32117 }
335-9fb9fc740c13fb3b.js:1:33094
[UnifiedAPI] fetch movie from TMDB 
Object { id: 11305 }
335-9fb9fc740c13fb3b.js:1:31550
[UnifiedAPI] TMDB fetch movie ok 
Object { id: 11305 }
335-9fb9fc740c13fb3b.js:1:31968
[UnifiedAPI] searching TuiMDB for UID 
Object { tmdbId: 11305, title: "Mystery Train" }
335-9fb9fc740c13fb3b.js:1:32136
[UnifiedAPI] TuiMDB UID not found 
Object { tmdbId: 11305 }
335-9fb9fc740c13fb3b.js:1:33094
[usePostersSWR] Fetching posters 
Object { idsCount: 11 }
859-5c4db588528751c9.js:1:61368
[usePostersSWR] Chunk fetched 
Object { requested: 11, received: 11 }
859-5c4db588528751c9.js:1:61700
[usePostersSWR] Fetch complete 
Object { posterCount: 11 }
859-5c4db588528751c9.js:1:62067
[GenreSuggest] Complete 
Object { genres: 1, subgenres: 0, subgenreAssigned: 0 }
page-6307428dac6848e6.js:1:18737
